#
# A fatal error has been detected by the Java Runtime Environment:
#
#  SIGSEGV (0xb) at pc=0x00000001041ea3eb, pid=69894, tid=13571
#
# JRE version: Java(TM) SE Runtime Environment (8.0_31-b13) (build 1.8.0_31-b13)
# Java VM: Java HotSpot(TM) 64-Bit Server VM (25.31-b07 mixed mode bsd-amd64 compressed oops)
# Problematic frame:
# V  [libjvm.dylib+0x2623eb]
#
# Failed to write core dump. Core dumps have been disabled. To enable core dumping, try "ulimit -c unlimited" before starting Java again
#
# If you would like to submit a bug report, please visit:
#   http://bugreport.java.com/bugreport/crash.jsp
#

---------------  T H R E A D  ---------------

Current thread (0x0000000102050800):  VMThread [stack: 0x000000011f1be000,0x000000011f2be000] [id=13571]

siginfo: si_signo: 11 (SIGSEGV), si_code: 1 (SEGV_MAPERR), si_addr: 0x0000000000000000

Registers:
RAX=0x0000000000000000, RBX=0x0000000104839f28, RCX=0x00005141b87344f8, RDX=0x000000011f2bd9b8
RSP=0x000000011f2bd630, RBP=0x000000011f2bd630, RSI=0x000000011f2bd9b8, RDI=0x0000000104826880
R8 =0x000000000000001e, R9 =0x0000000000000400, R10=0x0000000000000000, R11=0x0000000000000202
R12=0x0000000000000008, R13=0x0000000000000800, R14=0x0000000101330030, R15=0x0000000101331490
RIP=0x00000001041ea3eb, EFLAGS=0x0000000000010206, ERR=0x0000000000000006
  TRAPNO=0x000000000000000e

Top of Stack: (sp=0x000000011f2bd630)
0x000000011f2bd630:   000000011f2bdac0 00000001044214ac
0x000000011f2bd640:   000000010000000a 0000000101330200
0x000000011f2bd650:   0000003000000010 0000000000000000
0x000000011f2bd660:   000000011f2bdb50 0000000043aae350
0x000000011f2bd670:   000000012167f4c0 000000012167f4c4
0x000000011f2bd680:   0000003000000010 000000011f2bdc30
0x000000011f2bd690:   000000011f2bdb40 0000000101331490
0x000000011f2bd6a0:   00000001013304f0 000000001f2bd750
0x000000011f2bd6b0:   000000012167f4d0 000000012167f4d4
0x000000011f2bd6c0:   000000011f2bdb70 000000076cd00000
0x000000011f2bd6d0:   0000000000000000 0000000000000000
0x000000011f2bd6e0:   7e008ad61c275696 000000011f2bd820
0x000000011f2bd6f0:   000000012167f4e0 000000012167f4e4
0x000000011f2bd700:   ffffffffffffffff 0000000000000000
0x000000011f2bd710:   000000011f2bd800 00007fff935099af
0x000000011f2bd720:   0000000102050300 000000011f2bdb48
0x000000011f2bd730:   000000012167f4f0 000000012167f4f4
0x000000011f2bd740:   00000015fe1e8fad 0000000000000000
0x000000011f2bd750:   000000011f2bd7b0 0000000000000000
0x000000011f2bd760:   0000000000000010 0000000000000003
0x000000011f2bd770:   000000012167f500 000000012167f504
0x000000011f2bd780:   0000000000000000 00000001048266c0
0x000000011f2bd790:   000000011f2bd7b0 00000001041eabca
0x000000011f2bd7a0:   7e008ad61c275696 000000011f2bd8e0
0x000000011f2bd7b0:   000000012167f510 000000012167f514
0x000000011f2bd7c0:   ffffffffffffffff 0000000000000000
0x000000011f2bd7d0:   7e008ad61c275696 0000000000000100
0x000000011f2bd7e0:   0000000000000000 ffffffffffffffff
0x000000011f2bd7f0:   000000012167f520 000000012167f524
0x000000011f2bd800:   000000011f2bda00 00007fff934ee155
0x000000011f2bd810:   00007fff7a7356b8 000000010455ee00
0x000000011f2bd820:   000000010200b90a 000000cd00000000 

Instructions: (pc=0x00000001041ea3eb)
0x00000001041ea3cb:   28 5d e9 90 ff ff ff 55 48 89 e5 48 83 c7 28 5d
0x00000001041ea3db:   e9 82 ff ff ff 55 48 89 e5 48 89 f2 48 8b 47 28
0x00000001041ea3eb:   c7 00 00 00 00 00 c7 47 44 00 00 00 00 48 c7 47
0x00000001041ea3fb:   48 00 00 00 00 48 c7 47 50 00 00 00 00 48 c7 47 

Register to memory mapping:

RAX=0x0000000000000000 is an unknown value
RBX=0x0000000104839f28: _ZN8Universe14_collectedHeapE+0 in /Library/Java/JavaVirtualMachines/jdk1.8.0_31.jdk/Contents/Home/jre/lib/server/libjvm.dylib at 0x0000000103f88000
RCX=0x00005141b87344f8 is an unknown value
RDX=0x000000011f2bd9b8 is an unknown value
RSP=0x000000011f2bd630 is an unknown value
RBP=0x000000011f2bd630 is an unknown value
RSI=0x000000011f2bd9b8 is an unknown value
RDI=0x0000000104826880: _ZN10PSScavenge9_gc_timerE+0 in /Library/Java/JavaVirtualMachines/jdk1.8.0_31.jdk/Contents/Home/jre/lib/server/libjvm.dylib at 0x0000000103f88000
R8 =0x000000000000001e is an unknown value
R9 =0x0000000000000400 is an unknown value
R10=0x0000000000000000 is an unknown value
R11=0x0000000000000202 is an unknown value
R12=0x0000000000000008 is an unknown value
R13=0x0000000000000800 is an unknown value
R14=0x0000000101330030 is an unknown value
R15=0x0000000101331490 is an unknown value


Stack: [0x000000011f1be000,0x000000011f2be000],  sp=0x000000011f2bd630,  free space=1021k
Native frames: (J=compiled Java code, j=interpreted, Vv=VM code, C=native code)
V  [libjvm.dylib+0x2623eb]
V  [libjvm.dylib+0x4994ac]
V  [libjvm.dylib+0x49a756]
V  [libjvm.dylib+0x46f4bf]
V  [libjvm.dylib+0x57aa10]
V  [libjvm.dylib+0x580f41]
V  [libjvm.dylib+0x57f5b3]
V  [libjvm.dylib+0x57fa00]
V  [libjvm.dylib+0x57f31f]
V  [libjvm.dylib+0x45d772]
C  [libsystem_pthread.dylib+0x3268]  _pthread_body+0x83
C  [libsystem_pthread.dylib+0x31e5]  _pthread_body+0x0
C  [libsystem_pthread.dylib+0x141d]  thread_start+0xd

VM_Operation (0x0000000120d728d8): ParallelGCFailedAllocation, mode: safepoint, requested by thread 0x000000012324e000


---------------  P R O C E S S  ---------------

Java Threads: ( => current thread )
  0x0000000101ed6000 JavaThread "Thread-4" [_thread_in_native, id=16903, stack(0x000000012253f000,0x00000001225bf000)]
  0x000000012324e000 JavaThread "Thread-3" [_thread_blocked, id=15879, stack(0x0000000120cf4000,0x0000000120d74000)]
  0x0000000101b3b800 JavaThread "Thread-2" [_thread_blocked, id=16139, stack(0x0000000121601000,0x0000000121681000)]
  0x0000000123a50000 JavaThread "Thread-1" [_thread_in_native, id=16647, stack(0x0000000120d7d000,0x0000000120dfd000)]
  0x0000000102820800 JavaThread "Service Thread" daemon [_thread_blocked, id=22275, stack(0x0000000121a90000,0x0000000121b90000)]
  0x0000000102086000 JavaThread "C1 CompilerThread2" daemon [_thread_blocked, id=21763, stack(0x000000012198d000,0x0000000121a8d000)]
  0x0000000102085800 JavaThread "C2 CompilerThread1" daemon [_thread_blocked, id=21251, stack(0x000000012188a000,0x000000012198a000)]
  0x000000010203f000 JavaThread "C2 CompilerThread0" daemon [_thread_in_native, id=20739, stack(0x0000000121787000,0x0000000121887000)]
  0x0000000101936000 JavaThread "Signal Dispatcher" daemon [_thread_blocked, id=20243, stack(0x0000000121684000,0x0000000121784000)]
  0x0000000101864000 JavaThread "Finalizer" daemon [_thread_blocked, id=14595, stack(0x000000011f3c4000,0x000000011f4c4000)]
  0x0000000102053000 JavaThread "Reference Handler" daemon [_thread_blocked, id=14083, stack(0x000000011f2c1000,0x000000011f3c1000)]
  0x00000001018c4000 JavaThread "main" [_thread_in_native, id=1299, stack(0x00007fff5f400000,0x00007fff5fc00000)]

Other Threads:
=>0x0000000102050800 VMThread [stack: 0x000000011f1be000,0x000000011f2be000] [id=13571]
  0x0000000101864800 WatcherThread [stack: 0x0000000121b93000,0x0000000121c93000] [id=22787]

VM state:at safepoint (normal execution)

VM Mutex/Monitor currently owned by a thread:  ([mutex/lock_event])
[0x00000001014109a0] Threads_lock - owner thread: 0x0000000102050800
[0x0000000101410ea0] Heap_lock - owner thread: 0x000000012324e000

Heap:
 PSYoungGen      total 110592K, used 74179K [0x000000076ab00000, 0x0000000775d80000, 0x00000007c0000000)
  eden space 41472K, 100% used [0x000000076ab00000,0x000000076d380000,0x000000076d380000)
  from space 69120K, 47% used [0x0000000771a00000,0x00000007739f0d90,0x0000000775d80000)
  to   space 70656K, 0% used [0x000000076d380000,0x000000076d380000,0x0000000771880000)
 ParOldGen       total 1264640K, used 1035243K [0x00000006c0000000, 0x000000070d300000, 0x000000076ab00000)
  object space 1264640K, 81% used [0x00000006c0000000,0x00000006ff2facd8,0x000000070d300000)
 Metaspace       used 20582K, capacity 21037K, committed 21376K, reserved 1069056K
  class space    used 2245K, capacity 2347K, committed 2432K, reserved 1048576K

Card table byte_map: [0x00000001142e8000,0x0000000114ae9000] byte_map_base: 0x0000000110ce8000

Marking Bits: (ParMarkBitMap*) 0x0000000104826410
 Begin Bits: [0x000000011544b000, 0x000000011944b000)
 End Bits:   [0x000000011944b000, 0x000000011d44b000)

Polling page: 0x00000001012fc000

CodeCache: size=245760Kb used=11490Kb max_used=11490Kb free=234269Kb
 bounds [0x0000000104f28000, 0x0000000105a78000, 0x0000000113f28000]
 total_blobs=3728 nmethods=3327 adapters=315
 compilation: enabled

Compilation events (10 events):
Event: 94.397 Thread 0x0000000102086000 nmethod 4160 0x0000000105a51c90 code [0x0000000105a51ea0, 0x0000000105a522f8]
Event: 94.418 Thread 0x0000000102086000 4161   !   2       edu.stanford.nlp.semgraph.semgrex.Env::lookupAnnotationKey (50 bytes)
Event: 94.419 Thread 0x0000000102086000 nmethod 4161 0x0000000105a51550 code [0x0000000105a51700, 0x0000000105a51a08]
Event: 94.716 Thread 0x0000000102086000 4162       2       java.util.ComparableTimSort::gallopLeft (327 bytes)
Event: 94.717 Thread 0x0000000102086000 nmethod 4162 0x0000000105a50950 code [0x0000000105a50b20, 0x0000000105a510d8]
Event: 94.741 Thread 0x0000000102086000 4163       2       edu.stanford.nlp.ling.IndexedWord::tag (8 bytes)
Event: 94.741 Thread 0x0000000102086000 nmethod 4163 0x0000000105a50550 code [0x0000000105a506c0, 0x0000000105a50868]
Event: 94.814 Thread 0x0000000102086000 4164   !   3       edu.stanford.nlp.semgraph.semgrex.SemgrexMatcher::find (176 bytes)
Event: 94.817 Thread 0x0000000102086000 nmethod 4164 0x0000000105a6c3d0 code [0x0000000105a6c6e0, 0x0000000105a6dec8]
Event: 94.823 Thread 0x0000000102086000 4166       2       java.nio.ByteBuffer::<init> (45 bytes)

GC Heap History (10 events):
Event: 92.303 GC heap before
{Heap before GC invocations=147 (full 11):
 PSYoungGen      total 112640K, used 39636K [0x000000076ab00000, 0x0000000776680000, 0x00000007c0000000)
  eden space 36864K, 99% used [0x000000076ab00000,0x000000076cefe470,0x000000076cf00000)
  from space 75776K, 3% used [0x000000076cf00000,0x000000076d1b6c40,0x0000000771900000)
  to   space 76800K, 0% used [0x0000000771b80000,0x0000000771b80000,0x0000000776680000)
 ParOldGen       total 1264640K, used 1033795K [0x00000006c0000000, 0x000000070d300000, 0x000000076ab00000)
  object space 1264640K, 81% used [0x00000006c0000000,0x00000006ff190cd8,0x000000070d300000)
 Metaspace       used 20407K, capacity 20813K, committed 21120K, reserved 1069056K
  class space    used 2224K, capacity 2315K, committed 2432K, reserved 1048576K
Event: 92.317 GC heap after
Heap after GC invocations=147 (full 11):
 PSYoungGen      total 111104K, used 13249K [0x000000076ab00000, 0x0000000776280000, 0x00000007c0000000)
  eden space 38400K, 0% used [0x000000076ab00000,0x000000076ab00000,0x000000076d080000)
  from space 72704K, 18% used [0x0000000771b80000,0x0000000772870458,0x0000000776280000)
  to   space 74752K, 0% used [0x000000076d080000,0x000000076d080000,0x0000000771980000)
 ParOldGen       total 1264640K, used 1034011K [0x00000006c0000000, 0x000000070d300000, 0x000000076ab00000)
  object space 1264640K, 81% used [0x00000006c0000000,0x00000006ff1c6cd8,0x000000070d300000)
 Metaspace       used 20407K, capacity 20813K, committed 21120K, reserved 1069056K
  class space    used 2224K, capacity 2315K, committed 2432K, reserved 1048576K
}
Event: 93.308 GC heap before
{Heap before GC invocations=148 (full 11):
 PSYoungGen      total 111104K, used 51649K [0x000000076ab00000, 0x0000000776280000, 0x00000007c0000000)
  eden space 38400K, 100% used [0x000000076ab00000,0x000000076d080000,0x000000076d080000)
  from space 72704K, 18% used [0x0000000771b80000,0x0000000772870458,0x0000000776280000)
  to   space 74752K, 0% used [0x000000076d080000,0x000000076d080000,0x0000000771980000)
 ParOldGen       total 1264640K, used 1034011K [0x00000006c0000000, 0x000000070d300000, 0x000000076ab00000)
  object space 1264640K, 81% used [0x00000006c0000000,0x00000006ff1c6cd8,0x000000070d300000)
 Metaspace       used 20574K, capacity 21037K, committed 21376K, reserved 1069056K
  class space    used 2245K, capacity 2347K, committed 2432K, reserved 1048576K
Event: 93.344 GC heap after
Heap after GC invocations=148 (full 11):
 PSYoungGen      total 113152K, used 3726K [0x000000076ab00000, 0x0000000776400000, 0x00000007c0000000)
  eden space 38400K, 0% used [0x000000076ab00000,0x000000076ab00000,0x000000076d080000)
  from space 74752K, 4% used [0x000000076d080000,0x000000076d423b20,0x0000000771980000)
  to   space 74752K, 0% used [0x0000000771b00000,0x0000000771b00000,0x0000000776400000)
 ParOldGen       total 1264640K, used 1034283K [0x00000006c0000000, 0x000000070d300000, 0x000000076ab00000)
  object space 1264640K, 81% used [0x00000006c0000000,0x00000006ff20acd8,0x000000070d300000)
 Metaspace       used 20574K, capacity 21037K, committed 21376K, reserved 1069056K
  class space    used 2245K, capacity 2347K, committed 2432K, reserved 1048576K
}
Event: 93.616 GC heap before
{Heap before GC invocations=149 (full 11):
 PSYoungGen      total 113152K, used 42126K [0x000000076ab00000, 0x0000000776400000, 0x00000007c0000000)
  eden space 38400K, 100% used [0x000000076ab00000,0x000000076d080000,0x000000076d080000)
  from space 74752K, 4% used [0x000000076d080000,0x000000076d423b20,0x0000000771980000)
  to   space 74752K, 0% used [0x0000000771b00000,0x0000000771b00000,0x0000000776400000)
 ParOldGen       total 1264640K, used 1034283K [0x00000006c0000000, 0x000000070d300000, 0x000000076ab00000)
  object space 1264640K, 81% used [0x00000006c0000000,0x00000006ff20acd8,0x000000070d300000)
 Metaspace       used 20579K, capacity 21037K, committed 21376K, reserved 1069056K
  class space    used 2245K, capacity 2347K, committed 2432K, reserved 1048576K
Event: 93.625 GC heap after
Heap after GC invocations=149 (full 11):
 PSYoungGen      total 112640K, used 3502K [0x000000076ab00000, 0x0000000776200000, 0x00000007c0000000)
  eden space 39936K, 0% used [0x000000076ab00000,0x000000076ab00000,0x000000076d200000)
  from space 72704K, 4% used [0x0000000771b00000,0x0000000771e6bb20,0x0000000776200000)
  to   space 73728K, 0% used [0x000000076d200000,0x000000076d200000,0x0000000771a00000)
 ParOldGen       total 1264640K, used 1034515K [0x00000006c0000000, 0x000000070d300000, 0x000000076ab00000)
  object space 1264640K, 81% used [0x00000006c0000000,0x00000006ff244cd8,0x000000070d300000)
 Metaspace       used 20579K, capacity 21037K, committed 21376K, reserved 1069056K
  class space    used 2245K, capacity 2347K, committed 2432K, reserved 1048576K
}
Event: 93.719 GC heap before
{Heap before GC invocations=150 (full 11):
 PSYoungGen      total 112640K, used 43413K [0x000000076ab00000, 0x0000000776200000, 0x00000007c0000000)
  eden space 39936K, 99% used [0x000000076ab00000,0x000000076d1f9c50,0x000000076d200000)
  from space 72704K, 4% used [0x0000000771b00000,0x0000000771e6bb20,0x0000000776200000)
  to   space 73728K, 0% used [0x000000076d200000,0x000000076d200000,0x0000000771a00000)
 ParOldGen       total 1264640K, used 1034515K [0x00000006c0000000, 0x000000070d300000, 0x000000076ab00000)
  object space 1264640K, 81% used [0x00000006c0000000,0x00000006ff244cd8,0x000000070d300000)
 Metaspace       used 20580K, capacity 21037K, committed 21376K, reserved 1069056K
  class space    used 2245K, capacity 2347K, committed 2432K, reserved 1048576K
Event: 93.733 GC heap after
Heap after GC invocations=150 (full 11):
 PSYoungGen      total 113664K, used 33780K [0x000000076ab00000, 0x0000000776080000, 0x00000007c0000000)
  eden space 39936K, 0% used [0x000000076ab00000,0x000000076ab00000,0x000000076d200000)
  from space 73728K, 45% used [0x000000076d200000,0x000000076f2fd0c0,0x0000000771a00000)
  to   space 72192K, 0% used [0x0000000771a00000,0x0000000771a00000,0x0000000776080000)
 ParOldGen       total 1264640K, used 1034995K [0x00000006c0000000, 0x000000070d300000, 0x000000076ab00000)
  object space 1264640K, 81% used [0x00000006c0000000,0x00000006ff2bccd8,0x000000070d300000)
 Metaspace       used 20580K, capacity 21037K, committed 21376K, reserved 1069056K
  class space    used 2245K, capacity 2347K, committed 2432K, reserved 1048576K
}
Event: 94.435 GC heap before
{Heap before GC invocations=151 (full 11):
 PSYoungGen      total 113664K, used 73669K [0x000000076ab00000, 0x0000000776080000, 0x00000007c0000000)
  eden space 39936K, 99% used [0x000000076ab00000,0x000000076d1f45b8,0x000000076d200000)
  from space 73728K, 45% used [0x000000076d200000,0x000000076f2fd0c0,0x0000000771a00000)
  to   space 72192K, 0% used [0x0000000771a00000,0x0000000771a00000,0x0000000776080000)
 ParOldGen       total 1264640K, used 1034995K [0x00000006c0000000, 0x000000070d300000, 0x000000076ab00000)
  object space 1264640K, 81% used [0x00000006c0000000,0x00000006ff2bccd8,0x000000070d300000)
 Metaspace       used 20581K, capacity 21037K, committed 21376K, reserved 1069056K
  class space    used 2245K, capacity 2347K, committed 2432K, reserved 1048576K
Event: 94.459 GC heap after
Heap after GC invocations=151 (full 11):
 PSYoungGen      total 110592K, used 32707K [0x000000076ab00000, 0x0000000775d80000, 0x00000007c0000000)
  eden space 41472K, 0% used [0x000000076ab00000,0x000000076ab00000,0x000000076d380000)
  from space 69120K, 47% used [0x0000000771a00000,0x00000007739f0d90,0x0000000775d80000)
  to   space 70656K, 0% used [0x000000076d380000,0x000000076d380000,0x0000000771880000)
 ParOldGen       total 1264640K, used 1035243K [0x00000006c0000000, 0x000000070d300000, 0x000000076ab00000)
  object space 1264640K, 81% used [0x00000006c0000000,0x00000006ff2facd8,0x000000070d300000)
 Metaspace       used 20581K, capacity 21037K, committed 21376K, reserved 1069056K
  class space    used 2245K, capacity 2347K, committed 2432K, reserved 1048576K
}

Deoptimization events (10 events):
Event: 89.816 Thread 0x0000000123a50000 Uncommon trap: reason=unreached action=reinterpret pc=0x0000000105829b90 method=java.util.HashMap.removeNode(ILjava/lang/Object;Ljava/lang/Object;ZZ)Ljava/util/HashMap$Node; @ 34
Event: 89.895 Thread 0x0000000123a50000 Uncommon trap: reason=bimorphic action=maybe_recompile pc=0x0000000105868ca4 method=java.util.regex.Pattern$SliceI.match(Ljava/util/regex/Matcher;ILjava/lang/CharSequence;)Z @ 92
Event: 89.985 Thread 0x0000000123a50000 Uncommon trap: reason=bimorphic action=maybe_recompile pc=0x0000000105868ca4 method=java.util.regex.Pattern$SliceI.match(Ljava/util/regex/Matcher;ILjava/lang/CharSequence;)Z @ 92
Event: 90.171 Thread 0x0000000123a50000 Uncommon trap: reason=class_check action=maybe_recompile pc=0x00000001054b82e8 method=java.io.FilterInputStream.available()I @ 4
Event: 90.552 Thread 0x0000000101b3b800 Uncommon trap: reason=bimorphic action=maybe_recompile pc=0x0000000105834e90 method=java.util.Collections$UnmodifiableCollection.contains(Ljava/lang/Object;)Z @ 5
Event: 90.552 Thread 0x0000000101b3b800 Uncommon trap: reason=unreached action=reinterpret pc=0x000000010540551c method=edu.stanford.nlp.graph.DirectedMultiGraph.add(Ljava/lang/Object;Ljava/lang/Object;Ljava/lang/Object;)V @ 29
Event: 90.568 Thread 0x0000000101b3b800 Uncommon trap: reason=bimorphic action=maybe_recompile pc=0x0000000105834e90 method=java.util.Collections$UnmodifiableCollection.contains(Ljava/lang/Object;)Z @ 5
Event: 90.581 Thread 0x0000000101b3b800 Uncommon trap: reason=bimorphic action=maybe_recompile pc=0x0000000105834e90 method=java.util.Collections$UnmodifiableCollection.contains(Ljava/lang/Object;)Z @ 5
Event: 91.209 Thread 0x0000000123a50000 Uncommon trap: reason=unreached action=reinterpret pc=0x00000001051aba20 method=java.lang.AbstractStringBuilder.append(Ljava/lang/String;)Ljava/lang/AbstractStringBuilder; @ 1
Event: 91.801 Thread 0x0000000101b3b800 Uncommon trap: reason=bimorphic action=maybe_recompile pc=0x0000000105835054 method=java.util.Collections$UnmodifiableCollection.contains(Ljava/lang/Object;)Z @ 5

Internal exceptions (10 events):
Event: 92.346 Thread 0x0000000123a50000 Exception <a 'java/security/PrivilegedActionException'> (0x000000076c5d83e8) thrown at [/Users/java_re/workspace/8-2-build-macosx-x86_64/jdk8u31/2394/hotspot/src/share/vm/prims/jvm.cpp, line 1312]
Event: 92.346 Thread 0x0000000123a50000 Exception <a 'java/security/PrivilegedActionException'> (0x000000076c5dc0d0) thrown at [/Users/java_re/workspace/8-2-build-macosx-x86_64/jdk8u31/2394/hotspot/src/share/vm/prims/jvm.cpp, line 1312]
Event: 92.346 Thread 0x0000000123a50000 Exception <a 'java/security/PrivilegedActionException'> (0x000000076c5e0178) thrown at [/Users/java_re/workspace/8-2-build-macosx-x86_64/jdk8u31/2394/hotspot/src/share/vm/prims/jvm.cpp, line 1312]
Event: 92.346 Thread 0x0000000123a50000 Exception <a 'java/security/PrivilegedActionException'> (0x000000076c5e37e0) thrown at [/Users/java_re/workspace/8-2-build-macosx-x86_64/jdk8u31/2394/hotspot/src/share/vm/prims/jvm.cpp, line 1312]
Event: 92.347 Thread 0x0000000123a50000 Exception <a 'java/security/PrivilegedActionException'> (0x000000076c5e78d8) thrown at [/Users/java_re/workspace/8-2-build-macosx-x86_64/jdk8u31/2394/hotspot/src/share/vm/prims/jvm.cpp, line 1312]
Event: 92.353 Thread 0x0000000123a50000 Exception <a 'java/security/PrivilegedActionException'> (0x000000076c5ebbe0) thrown at [/Users/java_re/workspace/8-2-build-macosx-x86_64/jdk8u31/2394/hotspot/src/share/vm/prims/jvm.cpp, line 1312]
Event: 92.353 Thread 0x0000000123a50000 Exception <a 'java/security/PrivilegedActionException'> (0x000000076c5ef888) thrown at [/Users/java_re/workspace/8-2-build-macosx-x86_64/jdk8u31/2394/hotspot/src/share/vm/prims/jvm.cpp, line 1312]
Event: 92.353 Thread 0x0000000123a50000 Exception <a 'java/security/PrivilegedActionException'> (0x000000076c5f38a8) thrown at [/Users/java_re/workspace/8-2-build-macosx-x86_64/jdk8u31/2394/hotspot/src/share/vm/prims/jvm.cpp, line 1312]
Event: 92.354 Thread 0x0000000123a50000 Exception <a 'java/security/PrivilegedActionException'> (0x000000076c5f69e0) thrown at [/Users/java_re/workspace/8-2-build-macosx-x86_64/jdk8u31/2394/hotspot/src/share/vm/prims/jvm.cpp, line 1312]
Event: 92.355 Thread 0x0000000123a50000 Exception <a 'java/security/PrivilegedActionException'> (0x000000076c5fae08) thrown at [/Users/java_re/workspace/8-2-build-macosx-x86_64/jdk8u31/2394/hotspot/src/share/vm/prims/jvm.cpp, line 1312]

Events (10 events):
Event: 93.497 Thread 0x0000000101b3b800 DEOPT UNPACKING pc=0x0000000104f6f373 sp=0x000000012167f3b8 mode 0
Event: 93.616 Executing VM operation: ParallelGCFailedAllocation
Event: 93.625 Executing VM operation: ParallelGCFailedAllocation done
Event: 93.717 Executing VM operation: ParallelGCFailedAllocation
Event: 93.733 Executing VM operation: ParallelGCFailedAllocation done
Event: 94.427 Executing VM operation: ParallelGCFailedAllocation
Event: 94.459 Executing VM operation: ParallelGCFailedAllocation done
Event: 94.665 Thread 0x000000012324e000 DEOPT PACKING pc=0x00000001059ede3b sp=0x0000000120d71df0
Event: 94.665 Thread 0x000000012324e000 DEOPT UNPACKING pc=0x0000000104f6f373 sp=0x0000000120d71bd8 mode 0
Event: 94.824 Executing VM operation: ParallelGCFailedAllocation


Dynamic libraries:
0x0000000008d33000 	/System/Library/Frameworks/CoreFoundation.framework/Versions/A/CoreFoundation
0x0000000008d33000 	/usr/lib/libSystem.B.dylib
0x0000000008d33000 	/usr/lib/libstdc++.6.dylib
0x0000000008d33000 	/usr/lib/libauto.dylib
0x0000000008d33000 	/usr/lib/libDiagnosticMessagesClient.dylib
0x0000000008d33000 	/usr/lib/libicucore.A.dylib
0x0000000008d33000 	/usr/lib/libobjc.A.dylib
0x0000000008d33000 	/usr/lib/libz.1.dylib
0x0000000008d33000 	/usr/lib/libc++.1.dylib
0x0000000008d33000 	/usr/lib/libc++abi.dylib
0x0000000008d33000 	/usr/lib/system/libcache.dylib
0x0000000008d33000 	/usr/lib/system/libcommonCrypto.dylib
0x0000000008d33000 	/usr/lib/system/libcompiler_rt.dylib
0x0000000008d33000 	/usr/lib/system/libcopyfile.dylib
0x0000000008d33000 	/usr/lib/system/libcorecrypto.dylib
0x0000000008d33000 	/usr/lib/system/libdispatch.dylib
0x0000000008d33000 	/usr/lib/system/libdyld.dylib
0x0000000008d33000 	/usr/lib/system/libkeymgr.dylib
0x0000000008d33000 	/usr/lib/system/liblaunch.dylib
0x0000000008d33000 	/usr/lib/system/libmacho.dylib
0x0000000008d33000 	/usr/lib/system/libquarantine.dylib
0x0000000008d33000 	/usr/lib/system/libremovefile.dylib
0x0000000008d33000 	/usr/lib/system/libsystem_asl.dylib
0x0000000008d33000 	/usr/lib/system/libsystem_blocks.dylib
0x0000000008d33000 	/usr/lib/system/libsystem_c.dylib
0x0000000008d33000 	/usr/lib/system/libsystem_configuration.dylib
0x0000000008d33000 	/usr/lib/system/libsystem_coreservices.dylib
0x0000000008d33000 	/usr/lib/system/libsystem_coretls.dylib
0x0000000008d33000 	/usr/lib/system/libsystem_dnssd.dylib
0x0000000008d33000 	/usr/lib/system/libsystem_info.dylib
0x0000000008d33000 	/usr/lib/system/libsystem_kernel.dylib
0x0000000008d33000 	/usr/lib/system/libsystem_m.dylib
0x0000000008d33000 	/usr/lib/system/libsystem_malloc.dylib
0x0000000008d33000 	/usr/lib/system/libsystem_network.dylib
0x0000000008d33000 	/usr/lib/system/libsystem_networkextension.dylib
0x0000000008d33000 	/usr/lib/system/libsystem_notify.dylib
0x0000000008d33000 	/usr/lib/system/libsystem_platform.dylib
0x0000000008d33000 	/usr/lib/system/libsystem_pthread.dylib
0x0000000008d33000 	/usr/lib/system/libsystem_sandbox.dylib
0x0000000008d33000 	/usr/lib/system/libsystem_secinit.dylib
0x0000000008d33000 	/usr/lib/system/libsystem_stats.dylib
0x0000000008d33000 	/usr/lib/system/libsystem_trace.dylib
0x0000000008d33000 	/usr/lib/system/libunc.dylib
0x0000000008d33000 	/usr/lib/system/libunwind.dylib
0x0000000008d33000 	/usr/lib/system/libxpc.dylib
0x0000000103f5c000 	/Users/pranavram/Programming/Hapi/vizit/node_modules/java/build/Release/nodejavabridge_bindings.node
0x0000000103f88000 	/Library/Java/JavaVirtualMachines/jdk1.8.0_31.jdk/Contents/Home/jre/lib/server/libjvm.dylib
0x0000000104ea7000 	/Library/Java/JavaVirtualMachines/jdk1.8.0_31.jdk/Contents/Home/jre/lib/libverify.dylib
0x0000000104eb5000 	/Library/Java/JavaVirtualMachines/jdk1.8.0_31.jdk/Contents/Home/jre/lib/libjava.dylib
0x0000000008d33000 	/System/Library/Frameworks/Foundation.framework/Versions/C/Foundation
0x0000000008d33000 	/System/Library/Frameworks/Security.framework/Versions/A/Security
0x0000000008d33000 	/System/Library/Frameworks/SystemConfiguration.framework/Versions/A/SystemConfiguration
0x0000000008d33000 	/usr/lib/libextension.dylib
0x0000000008d33000 	/usr/lib/libarchive.2.dylib
0x0000000008d33000 	/usr/lib/libxml2.2.dylib
0x0000000008d33000 	/System/Library/Frameworks/CFNetwork.framework/Versions/A/CFNetwork
0x0000000008d33000 	/System/Library/Frameworks/CoreServices.framework/Versions/A/CoreServices
0x0000000008d33000 	/usr/lib/liblangid.dylib
0x0000000008d33000 	/System/Library/Frameworks/IOKit.framework/Versions/A/IOKit
0x0000000008d33000 	/usr/lib/libCRFSuite.dylib
0x0000000008d33000 	/usr/lib/libbz2.1.0.dylib
0x0000000008d33000 	/usr/lib/liblzma.5.dylib
0x0000000008d33000 	/usr/lib/libbsm.0.dylib
0x0000000008d33000 	/usr/lib/libsqlite3.dylib
0x0000000008d33000 	/usr/lib/system/libkxld.dylib
0x0000000008d33000 	/usr/lib/libxar.1.dylib
0x0000000008d33000 	/usr/lib/libpam.2.dylib
0x0000000008d33000 	/usr/lib/libOpenScriptingUtil.dylib
0x0000000008d33000 	/System/Library/Frameworks/CoreServices.framework/Versions/A/Frameworks/FSEvents.framework/Versions/A/FSEvents
0x0000000008d33000 	/System/Library/Frameworks/CoreServices.framework/Versions/A/Frameworks/CarbonCore.framework/Versions/A/CarbonCore
0x0000000008d33000 	/System/Library/Frameworks/CoreServices.framework/Versions/A/Frameworks/Metadata.framework/Versions/A/Metadata
0x0000000008d33000 	/System/Library/Frameworks/CoreServices.framework/Versions/A/Frameworks/OSServices.framework/Versions/A/OSServices
0x0000000008d33000 	/System/Library/Frameworks/CoreServices.framework/Versions/A/Frameworks/SearchKit.framework/Versions/A/SearchKit
0x0000000008d33000 	/System/Library/Frameworks/CoreServices.framework/Versions/A/Frameworks/AE.framework/Versions/A/AE
0x0000000008d33000 	/System/Library/Frameworks/CoreServices.framework/Versions/A/Frameworks/LaunchServices.framework/Versions/A/LaunchServices
0x0000000008d33000 	/System/Library/Frameworks/CoreServices.framework/Versions/A/Frameworks/DictionaryServices.framework/Versions/A/DictionaryServices
0x0000000008d33000 	/System/Library/Frameworks/DiskArbitration.framework/Versions/A/DiskArbitration
0x0000000008d33000 	/System/Library/Frameworks/NetFS.framework/Versions/A/NetFS
0x0000000008d33000 	/System/Library/PrivateFrameworks/NetAuth.framework/Versions/A/NetAuth
0x0000000008d33000 	/System/Library/PrivateFrameworks/login.framework/Versions/A/Frameworks/loginsupport.framework/Versions/A/loginsupport
0x0000000008d33000 	/System/Library/PrivateFrameworks/DataDetectorsCore.framework/Versions/A/DataDetectorsCore
0x0000000008d33000 	/System/Library/PrivateFrameworks/TCC.framework/Versions/A/TCC
0x0000000008d33000 	/usr/lib/libmecabra.dylib
0x0000000008d33000 	/System/Library/Frameworks/ApplicationServices.framework/Versions/A/ApplicationServices
0x0000000008d33000 	/System/Library/Frameworks/CoreGraphics.framework/Versions/A/CoreGraphics
0x0000000008d33000 	/System/Library/Frameworks/CoreText.framework/Versions/A/CoreText
0x0000000008d33000 	/System/Library/Frameworks/ImageIO.framework/Versions/A/ImageIO
0x0000000008d33000 	/System/Library/Frameworks/ApplicationServices.framework/Versions/A/Frameworks/ATS.framework/Versions/A/ATS
0x0000000008d33000 	/System/Library/Frameworks/ApplicationServices.framework/Versions/A/Frameworks/ColorSync.framework/Versions/A/ColorSync
0x0000000008d33000 	/System/Library/Frameworks/ApplicationServices.framework/Versions/A/Frameworks/HIServices.framework/Versions/A/HIServices
0x0000000008d33000 	/System/Library/Frameworks/ApplicationServices.framework/Versions/A/Frameworks/LangAnalysis.framework/Versions/A/LangAnalysis
0x0000000008d33000 	/System/Library/Frameworks/ApplicationServices.framework/Versions/A/Frameworks/PrintCore.framework/Versions/A/PrintCore
0x0000000008d33000 	/System/Library/Frameworks/ApplicationServices.framework/Versions/A/Frameworks/QD.framework/Versions/A/QD
0x0000000008d33000 	/System/Library/Frameworks/ApplicationServices.framework/Versions/A/Frameworks/SpeechSynthesis.framework/Versions/A/SpeechSynthesis
0x0000000008d33000 	/System/Library/Frameworks/IOSurface.framework/Versions/A/IOSurface
0x0000000008d33000 	/System/Library/Frameworks/Accelerate.framework/Versions/A/Accelerate
0x0000000008d33000 	/System/Library/PrivateFrameworks/MultitouchSupport.framework/Versions/A/MultitouchSupport
0x0000000008d33000 	/System/Library/Frameworks/Accelerate.framework/Versions/A/Frameworks/vImage.framework/Versions/A/vImage
0x0000000008d33000 	/System/Library/Frameworks/Accelerate.framework/Versions/A/Frameworks/vecLib.framework/Versions/A/vecLib
0x0000000008d33000 	/System/Library/Frameworks/Accelerate.framework/Versions/A/Frameworks/vecLib.framework/Versions/A/libvDSP.dylib
0x0000000008d33000 	/System/Library/Frameworks/Accelerate.framework/Versions/A/Frameworks/vecLib.framework/Versions/A/libvMisc.dylib
0x0000000008d33000 	/System/Library/Frameworks/Accelerate.framework/Versions/A/Frameworks/vecLib.framework/Versions/A/libLAPACK.dylib
0x0000000008d33000 	/System/Library/Frameworks/Accelerate.framework/Versions/A/Frameworks/vecLib.framework/Versions/A/libBLAS.dylib
0x0000000008d33000 	/System/Library/Frameworks/Accelerate.framework/Versions/A/Frameworks/vecLib.framework/Versions/A/libLinearAlgebra.dylib
0x0000000008d33000 	/System/Library/Frameworks/ApplicationServices.framework/Versions/A/Frameworks/ATS.framework/Versions/A/Resources/libFontParser.dylib
0x0000000008d33000 	/System/Library/Frameworks/ApplicationServices.framework/Versions/A/Frameworks/ATS.framework/Versions/A/Resources/libFontRegistry.dylib
0x0000000008d33000 	/System/Library/PrivateFrameworks/AppleVPA.framework/Versions/A/AppleVPA
0x0000000008d33000 	/System/Library/PrivateFrameworks/AppleJPEG.framework/Versions/A/AppleJPEG
0x0000000008d33000 	/System/Library/Frameworks/ImageIO.framework/Versions/A/Resources/libJPEG.dylib
0x0000000008d33000 	/System/Library/Frameworks/ImageIO.framework/Versions/A/Resources/libTIFF.dylib
0x0000000008d33000 	/System/Library/Frameworks/ImageIO.framework/Versions/A/Resources/libPng.dylib
0x0000000008d33000 	/System/Library/Frameworks/ImageIO.framework/Versions/A/Resources/libGIF.dylib
0x0000000008d33000 	/System/Library/Frameworks/ImageIO.framework/Versions/A/Resources/libJP2.dylib
0x0000000008d33000 	/System/Library/Frameworks/ImageIO.framework/Versions/A/Resources/libRadiance.dylib
0x0000000008d33000 	/System/Library/Frameworks/OpenGL.framework/Versions/A/OpenGL
0x0000000008d33000 	/System/Library/Frameworks/CoreVideo.framework/Versions/A/CoreVideo
0x0000000008d33000 	/System/Library/Frameworks/OpenGL.framework/Versions/A/Libraries/libGLU.dylib
0x0000000008d33000 	/System/Library/Frameworks/OpenGL.framework/Versions/A/Libraries/libGFXShared.dylib
0x0000000008d33000 	/System/Library/Frameworks/OpenGL.framework/Versions/A/Libraries/libGL.dylib
0x0000000008d33000 	/System/Library/Frameworks/OpenGL.framework/Versions/A/Libraries/libGLImage.dylib
0x0000000008d33000 	/System/Library/Frameworks/OpenGL.framework/Versions/A/Libraries/libCVMSPluginSupport.dylib
0x0000000008d33000 	/System/Library/Frameworks/OpenGL.framework/Versions/A/Libraries/libCoreVMClient.dylib
0x0000000008d33000 	/usr/lib/libcups.2.dylib
0x0000000008d33000 	/System/Library/Frameworks/Kerberos.framework/Versions/A/Kerberos
0x0000000008d33000 	/System/Library/Frameworks/GSS.framework/Versions/A/GSS
0x0000000008d33000 	/usr/lib/libresolv.9.dylib
0x0000000008d33000 	/usr/lib/libiconv.2.dylib
0x0000000008d33000 	/System/Library/PrivateFrameworks/Heimdal.framework/Versions/A/Heimdal
0x0000000008d33000 	/usr/lib/libheimdal-asn1.dylib
0x0000000008d33000 	/System/Library/Frameworks/OpenDirectory.framework/Versions/A/OpenDirectory
0x0000000008d33000 	/System/Library/PrivateFrameworks/CommonAuth.framework/Versions/A/CommonAuth
0x0000000008d33000 	/System/Library/Frameworks/OpenDirectory.framework/Versions/A/Frameworks/CFOpenDirectory.framework/Versions/A/CFOpenDirectory
0x0000000008d33000 	/System/Library/Frameworks/SecurityFoundation.framework/Versions/A/SecurityFoundation
0x0000000008d33000 	/System/Library/Frameworks/CoreAudio.framework/Versions/A/CoreAudio
0x0000000008d33000 	/System/Library/Frameworks/AudioToolbox.framework/Versions/A/AudioToolbox
0x0000000008d33000 	/System/Library/PrivateFrameworks/LanguageModeling.framework/Versions/A/LanguageModeling
0x0000000008d33000 	/usr/lib/libcmph.dylib
0x0000000008d33000 	/System/Library/Frameworks/CoreData.framework/Versions/A/CoreData
0x0000000008d33000 	/System/Library/Frameworks/ServiceManagement.framework/Versions/A/ServiceManagement
0x0000000008d33000 	/usr/lib/libxslt.1.dylib
0x0000000104f1f000 	/Library/Java/JavaVirtualMachines/jdk1.8.0_31.jdk/Contents/Home/jre/lib/libzip.dylib
0x000000011f4c6000 	/System/Library/Frameworks/JavaVM.framework/Frameworks/JavaRuntimeSupport.framework/JavaRuntimeSupport
0x0000000008d33000 	/System/Library/Frameworks/QuartzCore.framework/Versions/A/QuartzCore
0x000000011f4e1000 	/System/Library/Frameworks/JavaVM.framework/Versions/A/Frameworks/JavaNativeFoundation.framework/Versions/A/JavaNativeFoundation
0x000000011f4f6000 	/System/Library/Frameworks/JavaVM.framework/Versions/A/JavaVM
0x0000000008d33000 	/System/Library/PrivateFrameworks/CoreUI.framework/Versions/A/CoreUI
0x0000000008d33000 	/System/Library/Frameworks/Cocoa.framework/Versions/A/Cocoa
0x0000000008d33000 	/System/Library/Frameworks/Carbon.framework/Versions/A/Carbon
0x0000000008d33000 	/System/Library/PrivateFrameworks/CoreSymbolication.framework/Versions/A/CoreSymbolication
0x0000000008d33000 	/System/Library/Frameworks/AppKit.framework/Versions/C/AppKit
0x0000000008d33000 	/System/Library/Frameworks/QuartzCore.framework/Versions/A/Frameworks/CoreImage.framework/Versions/A/CoreImage
0x0000000008d33000 	/System/Library/PrivateFrameworks/CrashReporterSupport.framework/Versions/A/CrashReporterSupport
0x0000000008d33000 	/System/Library/Frameworks/OpenCL.framework/Versions/A/OpenCL
0x0000000008d33000 	/System/Library/PrivateFrameworks/FaceCore.framework/Versions/A/FaceCore
0x0000000008d33000 	/System/Library/PrivateFrameworks/RemoteViewServices.framework/Versions/A/RemoteViewServices
0x0000000008d33000 	/System/Library/PrivateFrameworks/UIFoundation.framework/Versions/A/UIFoundation
0x0000000008d33000 	/System/Library/Frameworks/AudioUnit.framework/Versions/A/AudioUnit
0x0000000008d33000 	/System/Library/PrivateFrameworks/DesktopServicesPriv.framework/Versions/A/DesktopServicesPriv
0x0000000008d33000 	/System/Library/Frameworks/Carbon.framework/Versions/A/Frameworks/HIToolbox.framework/Versions/A/HIToolbox
0x0000000008d33000 	/System/Library/Frameworks/Carbon.framework/Versions/A/Frameworks/SpeechRecognition.framework/Versions/A/SpeechRecognition
0x0000000008d33000 	/System/Library/PrivateFrameworks/PerformanceAnalysis.framework/Versions/A/PerformanceAnalysis
0x0000000008d33000 	/System/Library/PrivateFrameworks/GenerationalStorage.framework/Versions/A/GenerationalStorage
0x0000000008d33000 	/System/Library/PrivateFrameworks/Sharing.framework/Versions/A/Sharing
0x0000000008d33000 	/System/Library/PrivateFrameworks/Backup.framework/Versions/A/Backup
0x0000000008d33000 	/System/Library/Frameworks/Carbon.framework/Versions/A/Frameworks/Ink.framework/Versions/A/Ink
0x0000000008d33000 	/System/Library/PrivateFrameworks/Ubiquity.framework/Versions/A/Ubiquity
0x0000000008d33000 	/System/Library/PrivateFrameworks/IconServices.framework/Versions/A/IconServices
0x0000000008d33000 	/System/Library/PrivateFrameworks/ChunkingLibrary.framework/Versions/A/ChunkingLibrary
0x0000000008d33000 	/System/Library/PrivateFrameworks/Apple80211.framework/Versions/A/Apple80211
0x0000000008d33000 	/System/Library/Frameworks/CoreWLAN.framework/Versions/A/CoreWLAN
0x0000000008d33000 	/System/Library/Frameworks/IOBluetooth.framework/Versions/A/IOBluetooth
0x0000000008d33000 	/System/Library/PrivateFrameworks/CoreWiFi.framework/Versions/A/CoreWiFi
0x0000000008d33000 	/System/Library/Frameworks/CoreBluetooth.framework/Versions/A/CoreBluetooth
0x0000000008d33000 	/System/Library/PrivateFrameworks/DebugSymbols.framework/Versions/A/DebugSymbols
0x0000000008d33000 	/System/Library/PrivateFrameworks/Symbolication.framework/Versions/A/Symbolication
0x0000000008d33000 	/System/Library/PrivateFrameworks/SpeechRecognitionCore.framework/Versions/A/SpeechRecognitionCore
0x000000011f503000 	/System/Library/PrivateFrameworks/JavaLaunching.framework/Versions/A/JavaLaunching
0x0000000008d33000 	/System/Library/Frameworks/Carbon.framework/Versions/A/Frameworks/CommonPanels.framework/Versions/A/CommonPanels
0x0000000008d33000 	/System/Library/Frameworks/Carbon.framework/Versions/A/Frameworks/Help.framework/Versions/A/Help
0x0000000008d33000 	/System/Library/Frameworks/Carbon.framework/Versions/A/Frameworks/ImageCapture.framework/Versions/A/ImageCapture
0x0000000008d33000 	/System/Library/Frameworks/Carbon.framework/Versions/A/Frameworks/OpenScripting.framework/Versions/A/OpenScripting
0x0000000008d33000 	/System/Library/Frameworks/Carbon.framework/Versions/A/Frameworks/Print.framework/Versions/A/Print
0x0000000008d33000 	/System/Library/Frameworks/Carbon.framework/Versions/A/Frameworks/SecurityHI.framework/Versions/A/SecurityHI

VM Arguments:
jvm_args: -Xmx4g 
java_command: <unknown>
java_class_path (initial): /Users/pranavram/Programming/Hapi/vizit/node_modules/java/commons-lang3-node-java.jar:/Users/pranavram/Programming/Hapi/vizit/node_modules/java/src-java:/Users/pranavram/Programming/Hapi/vizit/corenlp/ejml-0.23.jar:/Users/pranavram/Programming/Hapi/vizit/corenlp/joda-time.jar:/Users/pranavram/Programming/Hapi/vizit/corenlp/jollyday.jar:/Users/pranavram/Programming/Hapi/vizit/corenlp/xom.jar:/Users/pranavram/Programming/Hapi/vizit/corenlp/stanford-corenlp-3.5.2-models.jar:/Users/pranavram/Programming/Hapi/vizit/corenlp/stanford-corenlp-3.5.2.jar
Launcher Type: generic

Environment Variables:
PATH=/usr/local/heroku/bin:/Users/pranavram/anaconda/bin:/usr/local/bin:/usr/bin:/bin:/usr/sbin:/sbin:/Users/pranavram/bin:/Users/pranavram/bin/Sencha/Cmd/5.1.2.52:/usr/local/bin:/usr/bin:/bin:/usr/sbin:/sbin
SHELL=/bin/zsh

Signal Handlers:
SIGSEGV: [libjvm.dylib+0x57a0e7], sa_mask[0]=11111111011111110111111111111111, sa_flags=SA_ONSTACK|SA_RESTART|SA_SIGINFO
SIGBUS: [libjvm.dylib+0x57a0e7], sa_mask[0]=11111111011111110111111111111111, sa_flags=SA_RESTART|SA_SIGINFO
SIGFPE: [libjvm.dylib+0x45af24], sa_mask[0]=11111111011111110111111111111111, sa_flags=SA_RESTART|SA_SIGINFO
SIGPIPE: [libjvm.dylib+0x45af24], sa_mask[0]=11111111011111110111111111111111, sa_flags=SA_RESTART|SA_SIGINFO
SIGXFSZ: [libjvm.dylib+0x45af24], sa_mask[0]=11111111011111110111111111111111, sa_flags=SA_RESTART|SA_SIGINFO
SIGILL: [libjvm.dylib+0x45af24], sa_mask[0]=11111111011111110111111111111111, sa_flags=SA_RESTART|SA_SIGINFO
SIGUSR1: [node+0x54c9f4], sa_mask[0]=11111111011111110111111111111111, sa_flags=none
SIGUSR2: [libjvm.dylib+0x45aa42], sa_mask[0]=00000000000000000000000000000000, sa_flags=SA_RESTART|SA_SIGINFO
SIGHUP: [libjvm.dylib+0x459015], sa_mask[0]=11111111011111110111111111111111, sa_flags=SA_RESTART|SA_SIGINFO
SIGINT: [libjvm.dylib+0x459015], sa_mask[0]=11111111011111110111111111111111, sa_flags=SA_RESTART|SA_SIGINFO
SIGTERM: [libjvm.dylib+0x459015], sa_mask[0]=11111111011111110111111111111111, sa_flags=SA_RESTART|SA_SIGINFO
SIGQUIT: [libjvm.dylib+0x459015], sa_mask[0]=11111111011111110111111111111111, sa_flags=SA_RESTART|SA_SIGINFO


---------------  S Y S T E M  ---------------

OS:Bsduname:Darwin 14.3.0 Darwin Kernel Version 14.3.0: Mon Mar 23 11:59:05 PDT 2015; root:xnu-2782.20.48~5/RELEASE_X86_64 x86_64
rlimit: STACK 8192k, CORE 0k, NPROC 709, NOFILE 10240, AS infinity
load average:5.05 3.11 2.96

CPU:total 4 (2 cores per cpu, 2 threads per core) family 6 model 42 stepping 7, cmov, cx8, fxsr, mmx, sse, sse2, sse3, ssse3, sse4.1, sse4.2, popcnt, avx, aes, clmul, ht, tsc, tscinvbit

Memory: 4k page, physical 4194304k(63112k free)

/proc/meminfo:


vm_info: Java HotSpot(TM) 64-Bit Server VM (25.31-b07) for bsd-amd64 JRE (1.8.0_31-b13), built on Dec 17 2014 20:45:36 by "java_re" with gcc 4.2.1 (Based on Apple Inc. build 5658) (LLVM build 2336.11.00)

time: Sun Aug 23 19:05:41 2015
elapsed time: 94 seconds (0d 0h 1m 34s)

