#
# A fatal error has been detected by the Java Runtime Environment:
#
#  SIGSEGV (0xb) at pc=0x00000001041ea3eb, pid=70187, tid=13571
#
# JRE version: Java(TM) SE Runtime Environment (8.0_31-b13) (build 1.8.0_31-b13)
# Java VM: Java HotSpot(TM) 64-Bit Server VM (25.31-b07 mixed mode bsd-amd64 compressed oops)
# Problematic frame:
# V  [libjvm.dylib+0x2623eb]
#
# Failed to write core dump. Core dumps have been disabled. To enable core dumping, try "ulimit -c unlimited" before starting Java again
#
# If you would like to submit a bug report, please visit:
#   http://bugreport.java.com/bugreport/crash.jsp
#

---------------  T H R E A D  ---------------

Current thread (0x00000001020b2000):  VMThread [stack: 0x000000011f1be000,0x000000011f2be000] [id=13571]

siginfo: si_signo: 11 (SIGSEGV), si_code: 1 (SEGV_MAPERR), si_addr: 0x0000000000000000

Registers:
RAX=0x0000000000000000, RBX=0x0000000104839f28, RCX=0x00005619942490e2, RDX=0x000000011f2bd9b8
RSP=0x000000011f2bd630, RBP=0x000000011f2bd630, RSI=0x000000011f2bd9b8, RDI=0x0000000104826880
R8 =0x000000000000001e, R9 =0x0000000000000400, R10=0x000000000009113f, R11=0x0000000000000246
R12=0x0000000000000008, R13=0x0000000000000800, R14=0x0000000101325b10, R15=0x0000000101326f60
RIP=0x00000001041ea3eb, EFLAGS=0x0000000000010206, ERR=0x0000000000000006
  TRAPNO=0x000000000000000e

Top of Stack: (sp=0x000000011f2bd630)
0x000000011f2bd630:   000000011f2bdac0 00000001044214ac
0x000000011f2bd640:   000000010000000a 0000000101325cd0
0x000000011f2bd650:   0000003000000010 0000000000000000
0x000000011f2bd660:   000000011f2bdb50 000000003e999950
0x000000011f2bd670:   0000000121e27df0 0000000121e27df4
0x000000011f2bd680:   0000003000000010 000000011f2bdc30
0x000000011f2bd690:   000000011f2bdb40 0000000101326f60
0x000000011f2bd6a0:   0000000101325fc0 000000001f2bd750
0x000000011f2bd6b0:   0000000121e27e00 0000000121e27e04
0x000000011f2bd6c0:   000000011f2bdb70 000000076d300000
0x000000011f2bd6d0:   0000000000000000 0000000000000000
0x000000011f2bd6e0:   cb005db49cedd8c7 000000011f2bd820
0x000000011f2bd6f0:   0000000121e27e10 0000000121e27e14
0x000000011f2bd700:   ffffffffffffffff 0000000000000000
0x000000011f2bd710:   000000011f2bd800 00007fff935099af
0x000000011f2bd720:   00000001020b1b00 000000011f2bdb48
0x000000011f2bd730:   0000000121e27e20 0000000121e27e24
0x000000011f2bd740:   0000001d8170902d 0000000000000000
0x000000011f2bd750:   000000011f2bd7b0 0000000000000000
0x000000011f2bd760:   0000000000000016 0000000000000003
0x000000011f2bd770:   0000000121e27e30 0000000121e27e34
0x000000011f2bd780:   0000000000000000 00000001048266c0
0x000000011f2bd790:   000000011f2bd7b0 00000001041eabca
0x000000011f2bd7a0:   cb005db49cedd8c7 000000011f2bd8e0
0x000000011f2bd7b0:   0000000121e27e40 0000000121e27e44
0x000000011f2bd7c0:   ffffffffffffffff 0000000000000000
0x000000011f2bd7d0:   cb005db49cedd8c7 0000000000000100
0x000000011f2bd7e0:   0000000000000000 ffffffffffffffff
0x000000011f2bd7f0:   0000000121e27e50 0000000121e27e54
0x000000011f2bd800:   000000011f2bda00 00007fff934ee155
0x000000011f2bd810:   00007fff7a7356b8 000000010455ee00
0x000000011f2bd820:   000000010181f7f2 000000cd00000000 

Instructions: (pc=0x00000001041ea3eb)
0x00000001041ea3cb:   28 5d e9 90 ff ff ff 55 48 89 e5 48 83 c7 28 5d
0x00000001041ea3db:   e9 82 ff ff ff 55 48 89 e5 48 89 f2 48 8b 47 28
0x00000001041ea3eb:   c7 00 00 00 00 00 c7 47 44 00 00 00 00 48 c7 47
0x00000001041ea3fb:   48 00 00 00 00 48 c7 47 50 00 00 00 00 48 c7 47 

Register to memory mapping:

RAX=0x0000000000000000 is an unknown value
RBX=0x0000000104839f28: _ZN8Universe14_collectedHeapE+0 in /Library/Java/JavaVirtualMachines/jdk1.8.0_31.jdk/Contents/Home/jre/lib/server/libjvm.dylib at 0x0000000103f88000
RCX=0x00005619942490e2 is an unknown value
RDX=0x000000011f2bd9b8 is an unknown value
RSP=0x000000011f2bd630 is an unknown value
RBP=0x000000011f2bd630 is an unknown value
RSI=0x000000011f2bd9b8 is an unknown value
RDI=0x0000000104826880: _ZN10PSScavenge9_gc_timerE+0 in /Library/Java/JavaVirtualMachines/jdk1.8.0_31.jdk/Contents/Home/jre/lib/server/libjvm.dylib at 0x0000000103f88000
R8 =0x000000000000001e is an unknown value
R9 =0x0000000000000400 is an unknown value
R10=0x000000000009113f is an unknown value
R11=0x0000000000000246 is an unknown value
R12=0x0000000000000008 is an unknown value
R13=0x0000000000000800 is an unknown value
R14=0x0000000101325b10 is an unknown value
R15=0x0000000101326f60 is an unknown value


Stack: [0x000000011f1be000,0x000000011f2be000],  sp=0x000000011f2bd630,  free space=1021k
Native frames: (J=compiled Java code, j=interpreted, Vv=VM code, C=native code)
V  [libjvm.dylib+0x2623eb]
V  [libjvm.dylib+0x4994ac]
V  [libjvm.dylib+0x49a756]
V  [libjvm.dylib+0x46f4bf]
V  [libjvm.dylib+0x57aa10]
V  [libjvm.dylib+0x580f41]
V  [libjvm.dylib+0x57f5b3]
V  [libjvm.dylib+0x57fa00]
V  [libjvm.dylib+0x57f31f]
V  [libjvm.dylib+0x45d772]
C  [libsystem_pthread.dylib+0x3268]  _pthread_body+0x83
C  [libsystem_pthread.dylib+0x31e5]  _pthread_body+0x0
C  [libsystem_pthread.dylib+0x141d]  thread_start+0xd

VM_Operation (0x00000001227178f8): ParallelGCFailedAllocation, mode: safepoint, requested by thread 0x0000000102846800


---------------  P R O C E S S  ---------------

Java Threads: ( => current thread )
  0x0000000125b2f000 JavaThread "Thread-4" [_thread_in_native, id=16151, stack(0x000000012291d000,0x000000012299d000)]
  0x0000000101e21800 JavaThread "Thread-3" [_thread_blocked, id=16903, stack(0x0000000121daa000,0x0000000121e2a000)]
  0x0000000102846800 JavaThread "Thread-2" [_thread_blocked, id=20239, stack(0x0000000122699000,0x0000000122719000)]
  0x000000010320e000 JavaThread "Thread-1" [_thread_in_native, id=17927, stack(0x0000000122156000,0x00000001221d6000)]
  0x000000010187e000 JavaThread "Service Thread" daemon [_thread_blocked, id=22275, stack(0x0000000121a90000,0x0000000121b90000)]
  0x00000001020d6800 JavaThread "C1 CompilerThread2" daemon [_thread_blocked, id=21763, stack(0x000000012198d000,0x0000000121a8d000)]
  0x00000001020d6000 JavaThread "C2 CompilerThread1" daemon [_thread_blocked, id=21251, stack(0x000000012188a000,0x000000012198a000)]
  0x000000010185a800 JavaThread "C2 CompilerThread0" daemon [_thread_in_native, id=20739, stack(0x0000000121787000,0x0000000121887000)]
  0x00000001020b5800 JavaThread "Signal Dispatcher" daemon [_thread_blocked, id=19991, stack(0x0000000121684000,0x0000000121784000)]
  0x0000000101832000 JavaThread "Finalizer" daemon [_thread_blocked, id=14595, stack(0x000000011f3c4000,0x000000011f4c4000)]
  0x00000001020b4800 JavaThread "Reference Handler" daemon [_thread_blocked, id=14083, stack(0x000000011f2c1000,0x000000011f3c1000)]
  0x0000000101804000 JavaThread "main" [_thread_in_native, id=1299, stack(0x00007fff5f400000,0x00007fff5fc00000)]

Other Threads:
=>0x00000001020b2000 VMThread [stack: 0x000000011f1be000,0x000000011f2be000] [id=13571]
  0x0000000101852800 WatcherThread [stack: 0x0000000121b93000,0x0000000121c93000] [id=22787]

VM state:at safepoint (normal execution)

VM Mutex/Monitor currently owned by a thread:  ([mutex/lock_event])
[0x000000010131ff90] Threads_lock - owner thread: 0x00000001020b2000
[0x0000000101320490] Heap_lock - owner thread: 0x0000000102846800

Heap:
 PSYoungGen      total 103424K, used 77613K [0x000000076ab00000, 0x0000000774680000, 0x00000007c0000000)
  eden space 49664K, 99% used [0x000000076ab00000,0x000000076db7b0d0,0x000000076db80000)
  from space 53760K, 52% used [0x0000000771200000,0x0000000772d50438,0x0000000774680000)
  to   space 54784K, 0% used [0x000000076db80000,0x000000076db80000,0x0000000771100000)
 ParOldGen       total 1252352K, used 956836K [0x00000006c0000000, 0x000000070c700000, 0x000000076ab00000)
  object space 1252352K, 76% used [0x00000006c0000000,0x00000006fa669220,0x000000070c700000)
 Metaspace       used 20547K, capacity 21029K, committed 21376K, reserved 1069056K
  class space    used 2242K, capacity 2347K, committed 2432K, reserved 1048576K

Card table byte_map: [0x00000001142e8000,0x0000000114ae9000] byte_map_base: 0x0000000110ce8000

Marking Bits: (ParMarkBitMap*) 0x0000000104826410
 Begin Bits: [0x000000011544b000, 0x000000011944b000)
 End Bits:   [0x000000011944b000, 0x000000011d44b000)

Polling page: 0x00000001012fc000

CodeCache: size=245760Kb used=11452Kb max_used=11452Kb free=234307Kb
 bounds [0x0000000104f28000, 0x0000000105a78000, 0x0000000113f28000]
 total_blobs=3782 nmethods=3381 adapters=315
 compilation: enabled

Compilation events (10 events):
Event: 127.089 Thread 0x00000001020d6800 nmethod 4130 0x0000000105a65210 code [0x0000000105a65460, 0x0000000105a663d8]
Event: 127.089 Thread 0x00000001020d6800 4134       3       edu.stanford.nlp.stats.IntCounter::incrementCount (72 bytes)
Event: 127.089 Thread 0x00000001020d6800 nmethod 4134 0x0000000105a669d0 code [0x0000000105a66b80, 0x0000000105a672c8]
Event: 127.089 Thread 0x00000001020d6800 4129       3       edu.stanford.nlp.trees.tregex.CoordinationPattern::matcher (18 bytes)
Event: 127.090 Thread 0x00000001020d6800 nmethod 4129 0x0000000105a4de50 code [0x0000000105a4dfc0, 0x0000000105a4e1e8]
Event: 127.090 Thread 0x00000001020d6800 4132       3       edu.stanford.nlp.trees.tregex.tsurgeon.TsurgeonPatternRoot::matcher (26 bytes)
Event: 127.091 Thread 0x00000001020d6800 nmethod 4132 0x0000000105a67590 code [0x0000000105a67760, 0x0000000105a67e78]
Event: 127.091 Thread 0x00000001020d6800 4135       3       edu.stanford.nlp.trees.AbstractCollinsHeadFinder::determineHead (203 bytes)
Event: 127.092 Thread 0x00000001020d6800 nmethod 4135 0x0000000105a68190 code [0x0000000105a68380, 0x0000000105a68cd8]
Event: 127.092 Thread 0x00000001020d6800 4136       3       edu.stanford.nlp.graph.DirectedMultiGraph::getParents (30 bytes)

GC Heap History (10 events):
Event: 125.406 GC heap before
{Heap before GC invocations=171 (full 11):
 PSYoungGen      total 54784K, used 54776K [0x000000076ab00000, 0x0000000775e00000, 0x00000007c0000000)
  eden space 45568K, 100% used [0x000000076ab00000,0x000000076d780000,0x000000076d780000)
  from space 9216K, 99% used [0x000000076d780000,0x000000076e07e208,0x000000076e080000)
  to   space 68096K, 0% used [0x0000000771b80000,0x0000000771b80000,0x0000000775e00000)
 ParOldGen       total 1252352K, used 955356K [0x00000006c0000000, 0x000000070c700000, 0x000000076ab00000)
  object space 1252352K, 76% used [0x00000006c0000000,0x00000006fa4f71b8,0x000000070c700000)
 Metaspace       used 20124K, capacity 20549K, committed 20864K, reserved 1067008K
  class space    used 2198K, capacity 2315K, committed 2432K, reserved 1048576K
Event: 125.415 GC heap after
Heap after GC invocations=171 (full 11):
 PSYoungGen      total 109056K, used 14140K [0x000000076ab00000, 0x0000000775800000, 0x00000007c0000000)
  eden space 47104K, 0% used [0x000000076ab00000,0x000000076ab00000,0x000000076d900000)
  from space 61952K, 22% used [0x0000000771b80000,0x000000077294f308,0x0000000775800000)
  to   space 65024K, 0% used [0x000000076d900000,0x000000076d900000,0x0000000771880000)
 ParOldGen       total 1252352K, used 955364K [0x00000006c0000000, 0x000000070c700000, 0x000000076ab00000)
  object space 1252352K, 76% used [0x00000006c0000000,0x00000006fa4f91b8,0x000000070c700000)
 Metaspace       used 20124K, capacity 20549K, committed 20864K, reserved 1067008K
  class space    used 2198K, capacity 2315K, committed 2432K, reserved 1048576K
}
Event: 125.535 GC heap before
{Heap before GC invocations=172 (full 11):
 PSYoungGen      total 109056K, used 61195K [0x000000076ab00000, 0x0000000775800000, 0x00000007c0000000)
  eden space 47104K, 99% used [0x000000076ab00000,0x000000076d8f3960,0x000000076d900000)
  from space 61952K, 22% used [0x0000000771b80000,0x000000077294f308,0x0000000775800000)
  to   space 65024K, 0% used [0x000000076d900000,0x000000076d900000,0x0000000771880000)
 ParOldGen       total 1252352K, used 955364K [0x00000006c0000000, 0x000000070c700000, 0x000000076ab00000)
  object space 1252352K, 76% used [0x00000006c0000000,0x00000006fa4f91b8,0x000000070c700000)
 Metaspace       used 20374K, capacity 20805K, committed 21120K, reserved 1069056K
  class space    used 2221K, capacity 2315K, committed 2432K, reserved 1048576K
Event: 125.546 GC heap after
Heap after GC invocations=172 (full 11):
 PSYoungGen      total 68608K, used 21247K [0x000000076ab00000, 0x0000000775180000, 0x00000007c0000000)
  eden space 47104K, 0% used [0x000000076ab00000,0x000000076ab00000,0x000000076d900000)
  from space 21504K, 98% used [0x000000076d900000,0x000000076edbfe60,0x000000076ee00000)
  to   space 60928K, 0% used [0x0000000771600000,0x0000000771600000,0x0000000775180000)
 ParOldGen       total 1252352K, used 955372K [0x00000006c0000000, 0x000000070c700000, 0x000000076ab00000)
  object space 1252352K, 76% used [0x00000006c0000000,0x00000006fa4fb1b8,0x000000070c700000)
 Metaspace       used 20374K, capacity 20805K, committed 21120K, reserved 1069056K
  class space    used 2221K, capacity 2315K, committed 2432K, reserved 1048576K
}
Event: 126.020 GC heap before
{Heap before GC invocations=173 (full 11):
 PSYoungGen      total 68608K, used 68344K [0x000000076ab00000, 0x0000000775180000, 0x00000007c0000000)
  eden space 47104K, 99% used [0x000000076ab00000,0x000000076d8fe1b0,0x000000076d900000)
  from space 21504K, 98% used [0x000000076d900000,0x000000076edbfe60,0x000000076ee00000)
  to   space 60928K, 0% used [0x0000000771600000,0x0000000771600000,0x0000000775180000)
 ParOldGen       total 1252352K, used 955372K [0x00000006c0000000, 0x000000070c700000, 0x000000076ab00000)
  object space 1252352K, 76% used [0x00000006c0000000,0x00000006fa4fb1b8,0x000000070c700000)
 Metaspace       used 20538K, capacity 21029K, committed 21376K, reserved 1069056K
  class space    used 2242K, capacity 2347K, committed 2432K, reserved 1048576K
Event: 126.036 GC heap after
Heap after GC invocations=173 (full 11):
 PSYoungGen      total 105472K, used 10454K [0x000000076ab00000, 0x0000000774d80000, 0x00000007c0000000)
  eden space 48640K, 0% used [0x000000076ab00000,0x000000076ab00000,0x000000076da80000)
  from space 56832K, 18% used [0x0000000771600000,0x0000000772035b48,0x0000000774d80000)
  to   space 58880K, 0% used [0x000000076da80000,0x000000076da80000,0x0000000771400000)
 ParOldGen       total 1252352K, used 956418K [0x00000006c0000000, 0x000000070c700000, 0x000000076ab00000)
  object space 1252352K, 76% used [0x00000006c0000000,0x00000006fa600a10,0x000000070c700000)
 Metaspace       used 20538K, capacity 21029K, committed 21376K, reserved 1069056K
  class space    used 2242K, capacity 2347K, committed 2432K, reserved 1048576K
}
Event: 126.213 GC heap before
{Heap before GC invocations=174 (full 11):
 PSYoungGen      total 105472K, used 59074K [0x000000076ab00000, 0x0000000774d80000, 0x00000007c0000000)
  eden space 48640K, 99% used [0x000000076ab00000,0x000000076da7aed8,0x000000076da80000)
  from space 56832K, 18% used [0x0000000771600000,0x0000000772035b48,0x0000000774d80000)
  to   space 58880K, 0% used [0x000000076da80000,0x000000076da80000,0x0000000771400000)
 ParOldGen       total 1252352K, used 956418K [0x00000006c0000000, 0x000000070c700000, 0x000000076ab00000)
  object space 1252352K, 76% used [0x00000006c0000000,0x00000006fa600a10,0x000000070c700000)
 Metaspace       used 20544K, capacity 21029K, committed 21376K, reserved 1069056K
  class space    used 2242K, capacity 2347K, committed 2432K, reserved 1048576K
Event: 126.224 GC heap after
Heap after GC invocations=174 (full 11):
 PSYoungGen      total 69632K, used 20549K [0x000000076ab00000, 0x0000000774800000, 0x00000007c0000000)
  eden space 48640K, 0% used [0x000000076ab00000,0x000000076ab00000,0x000000076da80000)
  from space 20992K, 97% used [0x000000076da80000,0x000000076ee91418,0x000000076ef00000)
  to   space 55296K, 0% used [0x0000000771200000,0x0000000771200000,0x0000000774800000)
 ParOldGen       total 1252352K, used 956474K [0x00000006c0000000, 0x000000070c700000, 0x000000076ab00000)
  object space 1252352K, 76% used [0x00000006c0000000,0x00000006fa60ea10,0x000000070c700000)
 Metaspace       used 20544K, capacity 21029K, committed 21376K, reserved 1069056K
  class space    used 2242K, capacity 2347K, committed 2432K, reserved 1048576K
}
Event: 126.715 GC heap before
{Heap before GC invocations=175 (full 11):
 PSYoungGen      total 69632K, used 69163K [0x000000076ab00000, 0x0000000774800000, 0x00000007c0000000)
  eden space 48640K, 99% used [0x000000076ab00000,0x000000076da79b28,0x000000076da80000)
  from space 20992K, 97% used [0x000000076da80000,0x000000076ee91418,0x000000076ef00000)
  to   space 55296K, 0% used [0x0000000771200000,0x0000000771200000,0x0000000774800000)
 ParOldGen       total 1252352K, used 956474K [0x00000006c0000000, 0x000000070c700000, 0x000000076ab00000)
  object space 1252352K, 76% used [0x00000006c0000000,0x00000006fa60ea10,0x000000070c700000)
 Metaspace       used 20544K, capacity 21029K, committed 21376K, reserved 1069056K
  class space    used 2242K, capacity 2347K, committed 2432K, reserved 1048576K
Event: 126.726 GC heap after
Heap after GC invocations=175 (full 11):
 PSYoungGen      total 103424K, used 27969K [0x000000076ab00000, 0x0000000774680000, 0x00000007c0000000)
  eden space 49664K, 0% used [0x000000076ab00000,0x000000076ab00000,0x000000076db80000)
  from space 53760K, 52% used [0x0000000771200000,0x0000000772d50438,0x0000000774680000)
  to   space 54784K, 0% used [0x000000076db80000,0x000000076db80000,0x0000000771100000)
 ParOldGen       total 1252352K, used 956836K [0x00000006c0000000, 0x000000070c700000, 0x000000076ab00000)
  object space 1252352K, 76% used [0x00000006c0000000,0x00000006fa669220,0x000000070c700000)
 Metaspace       used 20544K, capacity 21029K, committed 21376K, reserved 1069056K
  class space    used 2242K, capacity 2347K, committed 2432K, reserved 1048576K
}

Deoptimization events (10 events):
Event: 115.929 Thread 0x000000010320e000 Uncommon trap: reason=class_check action=maybe_recompile pc=0x00000001052e16dc method=java.util.ArrayList.remove(Ljava/lang/Object;)Z @ 56
Event: 115.929 Thread 0x000000010320e000 Uncommon trap: reason=class_check action=maybe_recompile pc=0x00000001052e16dc method=java.util.ArrayList.remove(Ljava/lang/Object;)Z @ 56
Event: 122.433 Thread 0x000000010320e000 Uncommon trap: reason=class_check action=maybe_recompile pc=0x000000010535d824 method=edu.stanford.nlp.trees.Tree$TreeIterator.next()Ledu/stanford/nlp/trees/Tree; @ 36
Event: 122.433 Thread 0x000000010320e000 Uncommon trap: reason=class_check action=maybe_recompile pc=0x000000010535d824 method=edu.stanford.nlp.trees.Tree$TreeIterator.next()Ledu/stanford/nlp/trees/Tree; @ 36
Event: 122.433 Thread 0x000000010320e000 Uncommon trap: reason=class_check action=maybe_recompile pc=0x000000010535d824 method=edu.stanford.nlp.trees.Tree$TreeIterator.next()Ledu/stanford/nlp/trees/Tree; @ 36
Event: 122.433 Thread 0x000000010320e000 Uncommon trap: reason=class_check action=maybe_recompile pc=0x000000010535d824 method=edu.stanford.nlp.trees.Tree$TreeIterator.next()Ledu/stanford/nlp/trees/Tree; @ 36
Event: 123.631 Thread 0x000000010320e000 Uncommon trap: reason=predicate action=maybe_recompile pc=0x00000001053b8d4c method=edu.stanford.nlp.sequences.ExactBestSequenceFinder.bestSequence(Ledu/stanford/nlp/sequences/SequenceModel;[[D)Ledu/stanford/nlp/util/Pair; @ 432
Event: 123.937 Thread 0x000000010320e000 Uncommon trap: reason=class_check action=maybe_recompile pc=0x00000001054c95a8 method=java.io.FilterInputStream.available()I @ 4
Event: 124.177 Thread 0x0000000102846800 Uncommon trap: reason=null_check action=make_not_entrant pc=0x000000010592f428 method=edu.stanford.nlp.ling.CoreLabel.setWord(Ljava/lang/String;)V @ 24
Event: 124.874 Thread 0x000000010320e000 Uncommon trap: reason=unreached action=reinterpret pc=0x0000000105177450 method=java.lang.AbstractStringBuilder.append(Ljava/lang/String;)Ljava/lang/AbstractStringBuilder; @ 1

Internal exceptions (10 events):
Event: 125.575 Thread 0x000000010320e000 Exception <a 'java/security/PrivilegedActionException'> (0x000000076bf19af0) thrown at [/Users/java_re/workspace/8-2-build-macosx-x86_64/jdk8u31/2394/hotspot/src/share/vm/prims/jvm.cpp, line 1312]
Event: 125.576 Thread 0x000000010320e000 Exception <a 'java/security/PrivilegedActionException'> (0x000000076bf1d7d8) thrown at [/Users/java_re/workspace/8-2-build-macosx-x86_64/jdk8u31/2394/hotspot/src/share/vm/prims/jvm.cpp, line 1312]
Event: 125.576 Thread 0x000000010320e000 Exception <a 'java/security/PrivilegedActionException'> (0x000000076bf21880) thrown at [/Users/java_re/workspace/8-2-build-macosx-x86_64/jdk8u31/2394/hotspot/src/share/vm/prims/jvm.cpp, line 1312]
Event: 125.576 Thread 0x000000010320e000 Exception <a 'java/security/PrivilegedActionException'> (0x000000076bf24ee8) thrown at [/Users/java_re/workspace/8-2-build-macosx-x86_64/jdk8u31/2394/hotspot/src/share/vm/prims/jvm.cpp, line 1312]
Event: 125.577 Thread 0x000000010320e000 Exception <a 'java/security/PrivilegedActionException'> (0x000000076bf28fe0) thrown at [/Users/java_re/workspace/8-2-build-macosx-x86_64/jdk8u31/2394/hotspot/src/share/vm/prims/jvm.cpp, line 1312]
Event: 125.577 Thread 0x000000010320e000 Exception <a 'java/security/PrivilegedActionException'> (0x000000076bf2d2e8) thrown at [/Users/java_re/workspace/8-2-build-macosx-x86_64/jdk8u31/2394/hotspot/src/share/vm/prims/jvm.cpp, line 1312]
Event: 125.577 Thread 0x000000010320e000 Exception <a 'java/security/PrivilegedActionException'> (0x000000076bf30f90) thrown at [/Users/java_re/workspace/8-2-build-macosx-x86_64/jdk8u31/2394/hotspot/src/share/vm/prims/jvm.cpp, line 1312]
Event: 125.578 Thread 0x000000010320e000 Exception <a 'java/security/PrivilegedActionException'> (0x000000076bf34fb0) thrown at [/Users/java_re/workspace/8-2-build-macosx-x86_64/jdk8u31/2394/hotspot/src/share/vm/prims/jvm.cpp, line 1312]
Event: 125.578 Thread 0x000000010320e000 Exception <a 'java/security/PrivilegedActionException'> (0x000000076bf380e8) thrown at [/Users/java_re/workspace/8-2-build-macosx-x86_64/jdk8u31/2394/hotspot/src/share/vm/prims/jvm.cpp, line 1312]
Event: 125.579 Thread 0x000000010320e000 Exception <a 'java/security/PrivilegedActionException'> (0x000000076bf3c510) thrown at [/Users/java_re/workspace/8-2-build-macosx-x86_64/jdk8u31/2394/hotspot/src/share/vm/prims/jvm.cpp, line 1312]

Events (10 events):
Event: 125.631 Thread 0x000000010320e000 DEOPT UNPACKING pc=0x0000000104f6f373 sp=0x00000001221d3708 mode 0
Event: 125.655 Executing VM operation: RevokeBias
Event: 125.655 Executing VM operation: RevokeBias done
Event: 126.020 Executing VM operation: ParallelGCFailedAllocation
Event: 126.036 Executing VM operation: ParallelGCFailedAllocation done
Event: 126.212 Executing VM operation: ParallelGCFailedAllocation
Event: 126.224 Executing VM operation: ParallelGCFailedAllocation done
Event: 126.713 Executing VM operation: ParallelGCFailedAllocation
Event: 126.727 Executing VM operation: ParallelGCFailedAllocation done
Event: 127.092 Executing VM operation: ParallelGCFailedAllocation


Dynamic libraries:
0x0000000008d33000 	/System/Library/Frameworks/CoreFoundation.framework/Versions/A/CoreFoundation
0x0000000008d33000 	/usr/lib/libSystem.B.dylib
0x0000000008d33000 	/usr/lib/libstdc++.6.dylib
0x0000000008d33000 	/usr/lib/libauto.dylib
0x0000000008d33000 	/usr/lib/libDiagnosticMessagesClient.dylib
0x0000000008d33000 	/usr/lib/libicucore.A.dylib
0x0000000008d33000 	/usr/lib/libobjc.A.dylib
0x0000000008d33000 	/usr/lib/libz.1.dylib
0x0000000008d33000 	/usr/lib/libc++.1.dylib
0x0000000008d33000 	/usr/lib/libc++abi.dylib
0x0000000008d33000 	/usr/lib/system/libcache.dylib
0x0000000008d33000 	/usr/lib/system/libcommonCrypto.dylib
0x0000000008d33000 	/usr/lib/system/libcompiler_rt.dylib
0x0000000008d33000 	/usr/lib/system/libcopyfile.dylib
0x0000000008d33000 	/usr/lib/system/libcorecrypto.dylib
0x0000000008d33000 	/usr/lib/system/libdispatch.dylib
0x0000000008d33000 	/usr/lib/system/libdyld.dylib
0x0000000008d33000 	/usr/lib/system/libkeymgr.dylib
0x0000000008d33000 	/usr/lib/system/liblaunch.dylib
0x0000000008d33000 	/usr/lib/system/libmacho.dylib
0x0000000008d33000 	/usr/lib/system/libquarantine.dylib
0x0000000008d33000 	/usr/lib/system/libremovefile.dylib
0x0000000008d33000 	/usr/lib/system/libsystem_asl.dylib
0x0000000008d33000 	/usr/lib/system/libsystem_blocks.dylib
0x0000000008d33000 	/usr/lib/system/libsystem_c.dylib
0x0000000008d33000 	/usr/lib/system/libsystem_configuration.dylib
0x0000000008d33000 	/usr/lib/system/libsystem_coreservices.dylib
0x0000000008d33000 	/usr/lib/system/libsystem_coretls.dylib
0x0000000008d33000 	/usr/lib/system/libsystem_dnssd.dylib
0x0000000008d33000 	/usr/lib/system/libsystem_info.dylib
0x0000000008d33000 	/usr/lib/system/libsystem_kernel.dylib
0x0000000008d33000 	/usr/lib/system/libsystem_m.dylib
0x0000000008d33000 	/usr/lib/system/libsystem_malloc.dylib
0x0000000008d33000 	/usr/lib/system/libsystem_network.dylib
0x0000000008d33000 	/usr/lib/system/libsystem_networkextension.dylib
0x0000000008d33000 	/usr/lib/system/libsystem_notify.dylib
0x0000000008d33000 	/usr/lib/system/libsystem_platform.dylib
0x0000000008d33000 	/usr/lib/system/libsystem_pthread.dylib
0x0000000008d33000 	/usr/lib/system/libsystem_sandbox.dylib
0x0000000008d33000 	/usr/lib/system/libsystem_secinit.dylib
0x0000000008d33000 	/usr/lib/system/libsystem_stats.dylib
0x0000000008d33000 	/usr/lib/system/libsystem_trace.dylib
0x0000000008d33000 	/usr/lib/system/libunc.dylib
0x0000000008d33000 	/usr/lib/system/libunwind.dylib
0x0000000008d33000 	/usr/lib/system/libxpc.dylib
0x0000000103f5c000 	/Users/pranavram/Programming/Hapi/vizit/node_modules/java/build/Release/nodejavabridge_bindings.node
0x0000000103f88000 	/Library/Java/JavaVirtualMachines/jdk1.8.0_31.jdk/Contents/Home/jre/lib/server/libjvm.dylib
0x0000000104ea7000 	/Library/Java/JavaVirtualMachines/jdk1.8.0_31.jdk/Contents/Home/jre/lib/libverify.dylib
0x0000000104eb5000 	/Library/Java/JavaVirtualMachines/jdk1.8.0_31.jdk/Contents/Home/jre/lib/libjava.dylib
0x0000000008d33000 	/System/Library/Frameworks/Foundation.framework/Versions/C/Foundation
0x0000000008d33000 	/System/Library/Frameworks/Security.framework/Versions/A/Security
0x0000000008d33000 	/System/Library/Frameworks/SystemConfiguration.framework/Versions/A/SystemConfiguration
0x0000000008d33000 	/usr/lib/libextension.dylib
0x0000000008d33000 	/usr/lib/libarchive.2.dylib
0x0000000008d33000 	/usr/lib/libxml2.2.dylib
0x0000000008d33000 	/System/Library/Frameworks/CFNetwork.framework/Versions/A/CFNetwork
0x0000000008d33000 	/System/Library/Frameworks/CoreServices.framework/Versions/A/CoreServices
0x0000000008d33000 	/usr/lib/liblangid.dylib
0x0000000008d33000 	/System/Library/Frameworks/IOKit.framework/Versions/A/IOKit
0x0000000008d33000 	/usr/lib/libCRFSuite.dylib
0x0000000008d33000 	/usr/lib/libbz2.1.0.dylib
0x0000000008d33000 	/usr/lib/liblzma.5.dylib
0x0000000008d33000 	/usr/lib/libbsm.0.dylib
0x0000000008d33000 	/usr/lib/libsqlite3.dylib
0x0000000008d33000 	/usr/lib/system/libkxld.dylib
0x0000000008d33000 	/usr/lib/libxar.1.dylib
0x0000000008d33000 	/usr/lib/libpam.2.dylib
0x0000000008d33000 	/usr/lib/libOpenScriptingUtil.dylib
0x0000000008d33000 	/System/Library/Frameworks/CoreServices.framework/Versions/A/Frameworks/FSEvents.framework/Versions/A/FSEvents
0x0000000008d33000 	/System/Library/Frameworks/CoreServices.framework/Versions/A/Frameworks/CarbonCore.framework/Versions/A/CarbonCore
0x0000000008d33000 	/System/Library/Frameworks/CoreServices.framework/Versions/A/Frameworks/Metadata.framework/Versions/A/Metadata
0x0000000008d33000 	/System/Library/Frameworks/CoreServices.framework/Versions/A/Frameworks/OSServices.framework/Versions/A/OSServices
0x0000000008d33000 	/System/Library/Frameworks/CoreServices.framework/Versions/A/Frameworks/SearchKit.framework/Versions/A/SearchKit
0x0000000008d33000 	/System/Library/Frameworks/CoreServices.framework/Versions/A/Frameworks/AE.framework/Versions/A/AE
0x0000000008d33000 	/System/Library/Frameworks/CoreServices.framework/Versions/A/Frameworks/LaunchServices.framework/Versions/A/LaunchServices
0x0000000008d33000 	/System/Library/Frameworks/CoreServices.framework/Versions/A/Frameworks/DictionaryServices.framework/Versions/A/DictionaryServices
0x0000000008d33000 	/System/Library/Frameworks/DiskArbitration.framework/Versions/A/DiskArbitration
0x0000000008d33000 	/System/Library/Frameworks/NetFS.framework/Versions/A/NetFS
0x0000000008d33000 	/System/Library/PrivateFrameworks/NetAuth.framework/Versions/A/NetAuth
0x0000000008d33000 	/System/Library/PrivateFrameworks/login.framework/Versions/A/Frameworks/loginsupport.framework/Versions/A/loginsupport
0x0000000008d33000 	/System/Library/PrivateFrameworks/DataDetectorsCore.framework/Versions/A/DataDetectorsCore
0x0000000008d33000 	/System/Library/PrivateFrameworks/TCC.framework/Versions/A/TCC
0x0000000008d33000 	/usr/lib/libmecabra.dylib
0x0000000008d33000 	/System/Library/Frameworks/ApplicationServices.framework/Versions/A/ApplicationServices
0x0000000008d33000 	/System/Library/Frameworks/CoreGraphics.framework/Versions/A/CoreGraphics
0x0000000008d33000 	/System/Library/Frameworks/CoreText.framework/Versions/A/CoreText
0x0000000008d33000 	/System/Library/Frameworks/ImageIO.framework/Versions/A/ImageIO
0x0000000008d33000 	/System/Library/Frameworks/ApplicationServices.framework/Versions/A/Frameworks/ATS.framework/Versions/A/ATS
0x0000000008d33000 	/System/Library/Frameworks/ApplicationServices.framework/Versions/A/Frameworks/ColorSync.framework/Versions/A/ColorSync
0x0000000008d33000 	/System/Library/Frameworks/ApplicationServices.framework/Versions/A/Frameworks/HIServices.framework/Versions/A/HIServices
0x0000000008d33000 	/System/Library/Frameworks/ApplicationServices.framework/Versions/A/Frameworks/LangAnalysis.framework/Versions/A/LangAnalysis
0x0000000008d33000 	/System/Library/Frameworks/ApplicationServices.framework/Versions/A/Frameworks/PrintCore.framework/Versions/A/PrintCore
0x0000000008d33000 	/System/Library/Frameworks/ApplicationServices.framework/Versions/A/Frameworks/QD.framework/Versions/A/QD
0x0000000008d33000 	/System/Library/Frameworks/ApplicationServices.framework/Versions/A/Frameworks/SpeechSynthesis.framework/Versions/A/SpeechSynthesis
0x0000000008d33000 	/System/Library/Frameworks/IOSurface.framework/Versions/A/IOSurface
0x0000000008d33000 	/System/Library/Frameworks/Accelerate.framework/Versions/A/Accelerate
0x0000000008d33000 	/System/Library/PrivateFrameworks/MultitouchSupport.framework/Versions/A/MultitouchSupport
0x0000000008d33000 	/System/Library/Frameworks/Accelerate.framework/Versions/A/Frameworks/vImage.framework/Versions/A/vImage
0x0000000008d33000 	/System/Library/Frameworks/Accelerate.framework/Versions/A/Frameworks/vecLib.framework/Versions/A/vecLib
0x0000000008d33000 	/System/Library/Frameworks/Accelerate.framework/Versions/A/Frameworks/vecLib.framework/Versions/A/libvDSP.dylib
0x0000000008d33000 	/System/Library/Frameworks/Accelerate.framework/Versions/A/Frameworks/vecLib.framework/Versions/A/libvMisc.dylib
0x0000000008d33000 	/System/Library/Frameworks/Accelerate.framework/Versions/A/Frameworks/vecLib.framework/Versions/A/libLAPACK.dylib
0x0000000008d33000 	/System/Library/Frameworks/Accelerate.framework/Versions/A/Frameworks/vecLib.framework/Versions/A/libBLAS.dylib
0x0000000008d33000 	/System/Library/Frameworks/Accelerate.framework/Versions/A/Frameworks/vecLib.framework/Versions/A/libLinearAlgebra.dylib
0x0000000008d33000 	/System/Library/Frameworks/ApplicationServices.framework/Versions/A/Frameworks/ATS.framework/Versions/A/Resources/libFontParser.dylib
0x0000000008d33000 	/System/Library/Frameworks/ApplicationServices.framework/Versions/A/Frameworks/ATS.framework/Versions/A/Resources/libFontRegistry.dylib
0x0000000008d33000 	/System/Library/PrivateFrameworks/AppleVPA.framework/Versions/A/AppleVPA
0x0000000008d33000 	/System/Library/PrivateFrameworks/AppleJPEG.framework/Versions/A/AppleJPEG
0x0000000008d33000 	/System/Library/Frameworks/ImageIO.framework/Versions/A/Resources/libJPEG.dylib
0x0000000008d33000 	/System/Library/Frameworks/ImageIO.framework/Versions/A/Resources/libTIFF.dylib
0x0000000008d33000 	/System/Library/Frameworks/ImageIO.framework/Versions/A/Resources/libPng.dylib
0x0000000008d33000 	/System/Library/Frameworks/ImageIO.framework/Versions/A/Resources/libGIF.dylib
0x0000000008d33000 	/System/Library/Frameworks/ImageIO.framework/Versions/A/Resources/libJP2.dylib
0x0000000008d33000 	/System/Library/Frameworks/ImageIO.framework/Versions/A/Resources/libRadiance.dylib
0x0000000008d33000 	/System/Library/Frameworks/OpenGL.framework/Versions/A/OpenGL
0x0000000008d33000 	/System/Library/Frameworks/CoreVideo.framework/Versions/A/CoreVideo
0x0000000008d33000 	/System/Library/Frameworks/OpenGL.framework/Versions/A/Libraries/libGLU.dylib
0x0000000008d33000 	/System/Library/Frameworks/OpenGL.framework/Versions/A/Libraries/libGFXShared.dylib
0x0000000008d33000 	/System/Library/Frameworks/OpenGL.framework/Versions/A/Libraries/libGL.dylib
0x0000000008d33000 	/System/Library/Frameworks/OpenGL.framework/Versions/A/Libraries/libGLImage.dylib
0x0000000008d33000 	/System/Library/Frameworks/OpenGL.framework/Versions/A/Libraries/libCVMSPluginSupport.dylib
0x0000000008d33000 	/System/Library/Frameworks/OpenGL.framework/Versions/A/Libraries/libCoreVMClient.dylib
0x0000000008d33000 	/usr/lib/libcups.2.dylib
0x0000000008d33000 	/System/Library/Frameworks/Kerberos.framework/Versions/A/Kerberos
0x0000000008d33000 	/System/Library/Frameworks/GSS.framework/Versions/A/GSS
0x0000000008d33000 	/usr/lib/libresolv.9.dylib
0x0000000008d33000 	/usr/lib/libiconv.2.dylib
0x0000000008d33000 	/System/Library/PrivateFrameworks/Heimdal.framework/Versions/A/Heimdal
0x0000000008d33000 	/usr/lib/libheimdal-asn1.dylib
0x0000000008d33000 	/System/Library/Frameworks/OpenDirectory.framework/Versions/A/OpenDirectory
0x0000000008d33000 	/System/Library/PrivateFrameworks/CommonAuth.framework/Versions/A/CommonAuth
0x0000000008d33000 	/System/Library/Frameworks/OpenDirectory.framework/Versions/A/Frameworks/CFOpenDirectory.framework/Versions/A/CFOpenDirectory
0x0000000008d33000 	/System/Library/Frameworks/SecurityFoundation.framework/Versions/A/SecurityFoundation
0x0000000008d33000 	/System/Library/Frameworks/CoreAudio.framework/Versions/A/CoreAudio
0x0000000008d33000 	/System/Library/Frameworks/AudioToolbox.framework/Versions/A/AudioToolbox
0x0000000008d33000 	/System/Library/PrivateFrameworks/LanguageModeling.framework/Versions/A/LanguageModeling
0x0000000008d33000 	/usr/lib/libcmph.dylib
0x0000000008d33000 	/System/Library/Frameworks/CoreData.framework/Versions/A/CoreData
0x0000000008d33000 	/System/Library/Frameworks/ServiceManagement.framework/Versions/A/ServiceManagement
0x0000000008d33000 	/usr/lib/libxslt.1.dylib
0x0000000104f1f000 	/Library/Java/JavaVirtualMachines/jdk1.8.0_31.jdk/Contents/Home/jre/lib/libzip.dylib
0x000000011f4c6000 	/System/Library/Frameworks/JavaVM.framework/Frameworks/JavaRuntimeSupport.framework/JavaRuntimeSupport
0x0000000008d33000 	/System/Library/Frameworks/QuartzCore.framework/Versions/A/QuartzCore
0x000000011f4e1000 	/System/Library/Frameworks/JavaVM.framework/Versions/A/Frameworks/JavaNativeFoundation.framework/Versions/A/JavaNativeFoundation
0x000000011f4f6000 	/System/Library/Frameworks/JavaVM.framework/Versions/A/JavaVM
0x0000000008d33000 	/System/Library/PrivateFrameworks/CoreUI.framework/Versions/A/CoreUI
0x0000000008d33000 	/System/Library/Frameworks/Cocoa.framework/Versions/A/Cocoa
0x0000000008d33000 	/System/Library/Frameworks/Carbon.framework/Versions/A/Carbon
0x0000000008d33000 	/System/Library/PrivateFrameworks/CoreSymbolication.framework/Versions/A/CoreSymbolication
0x0000000008d33000 	/System/Library/Frameworks/AppKit.framework/Versions/C/AppKit
0x0000000008d33000 	/System/Library/Frameworks/QuartzCore.framework/Versions/A/Frameworks/CoreImage.framework/Versions/A/CoreImage
0x0000000008d33000 	/System/Library/PrivateFrameworks/CrashReporterSupport.framework/Versions/A/CrashReporterSupport
0x0000000008d33000 	/System/Library/Frameworks/OpenCL.framework/Versions/A/OpenCL
0x0000000008d33000 	/System/Library/PrivateFrameworks/FaceCore.framework/Versions/A/FaceCore
0x0000000008d33000 	/System/Library/PrivateFrameworks/RemoteViewServices.framework/Versions/A/RemoteViewServices
0x0000000008d33000 	/System/Library/PrivateFrameworks/UIFoundation.framework/Versions/A/UIFoundation
0x0000000008d33000 	/System/Library/Frameworks/AudioUnit.framework/Versions/A/AudioUnit
0x0000000008d33000 	/System/Library/PrivateFrameworks/DesktopServicesPriv.framework/Versions/A/DesktopServicesPriv
0x0000000008d33000 	/System/Library/Frameworks/Carbon.framework/Versions/A/Frameworks/HIToolbox.framework/Versions/A/HIToolbox
0x0000000008d33000 	/System/Library/Frameworks/Carbon.framework/Versions/A/Frameworks/SpeechRecognition.framework/Versions/A/SpeechRecognition
0x0000000008d33000 	/System/Library/PrivateFrameworks/PerformanceAnalysis.framework/Versions/A/PerformanceAnalysis
0x0000000008d33000 	/System/Library/PrivateFrameworks/GenerationalStorage.framework/Versions/A/GenerationalStorage
0x0000000008d33000 	/System/Library/PrivateFrameworks/Sharing.framework/Versions/A/Sharing
0x0000000008d33000 	/System/Library/PrivateFrameworks/Backup.framework/Versions/A/Backup
0x0000000008d33000 	/System/Library/Frameworks/Carbon.framework/Versions/A/Frameworks/Ink.framework/Versions/A/Ink
0x0000000008d33000 	/System/Library/PrivateFrameworks/Ubiquity.framework/Versions/A/Ubiquity
0x0000000008d33000 	/System/Library/PrivateFrameworks/IconServices.framework/Versions/A/IconServices
0x0000000008d33000 	/System/Library/PrivateFrameworks/ChunkingLibrary.framework/Versions/A/ChunkingLibrary
0x0000000008d33000 	/System/Library/PrivateFrameworks/Apple80211.framework/Versions/A/Apple80211
0x0000000008d33000 	/System/Library/Frameworks/CoreWLAN.framework/Versions/A/CoreWLAN
0x0000000008d33000 	/System/Library/Frameworks/IOBluetooth.framework/Versions/A/IOBluetooth
0x0000000008d33000 	/System/Library/PrivateFrameworks/CoreWiFi.framework/Versions/A/CoreWiFi
0x0000000008d33000 	/System/Library/Frameworks/CoreBluetooth.framework/Versions/A/CoreBluetooth
0x0000000008d33000 	/System/Library/PrivateFrameworks/DebugSymbols.framework/Versions/A/DebugSymbols
0x0000000008d33000 	/System/Library/PrivateFrameworks/Symbolication.framework/Versions/A/Symbolication
0x0000000008d33000 	/System/Library/PrivateFrameworks/SpeechRecognitionCore.framework/Versions/A/SpeechRecognitionCore
0x000000011f503000 	/System/Library/PrivateFrameworks/JavaLaunching.framework/Versions/A/JavaLaunching
0x0000000008d33000 	/System/Library/Frameworks/Carbon.framework/Versions/A/Frameworks/CommonPanels.framework/Versions/A/CommonPanels
0x0000000008d33000 	/System/Library/Frameworks/Carbon.framework/Versions/A/Frameworks/Help.framework/Versions/A/Help
0x0000000008d33000 	/System/Library/Frameworks/Carbon.framework/Versions/A/Frameworks/ImageCapture.framework/Versions/A/ImageCapture
0x0000000008d33000 	/System/Library/Frameworks/Carbon.framework/Versions/A/Frameworks/OpenScripting.framework/Versions/A/OpenScripting
0x0000000008d33000 	/System/Library/Frameworks/Carbon.framework/Versions/A/Frameworks/Print.framework/Versions/A/Print
0x0000000008d33000 	/System/Library/Frameworks/Carbon.framework/Versions/A/Frameworks/SecurityHI.framework/Versions/A/SecurityHI

VM Arguments:
jvm_args: -Xmx4g 
java_command: <unknown>
java_class_path (initial): /Users/pranavram/Programming/Hapi/vizit/node_modules/java/commons-lang3-node-java.jar:/Users/pranavram/Programming/Hapi/vizit/node_modules/java/src-java:/Users/pranavram/Programming/Hapi/vizit/corenlp/ejml-0.23.jar:/Users/pranavram/Programming/Hapi/vizit/corenlp/joda-time.jar:/Users/pranavram/Programming/Hapi/vizit/corenlp/jollyday.jar:/Users/pranavram/Programming/Hapi/vizit/corenlp/xom.jar:/Users/pranavram/Programming/Hapi/vizit/corenlp/stanford-corenlp-3.5.2-models.jar:/Users/pranavram/Programming/Hapi/vizit/corenlp/stanford-corenlp-3.5.2.jar
Launcher Type: generic

Environment Variables:
PATH=/usr/local/heroku/bin:/Users/pranavram/anaconda/bin:/usr/local/bin:/usr/bin:/bin:/usr/sbin:/sbin:/Users/pranavram/bin:/Users/pranavram/bin/Sencha/Cmd/5.1.2.52:/usr/local/bin:/usr/bin:/bin:/usr/sbin:/sbin
SHELL=/bin/zsh

Signal Handlers:
SIGSEGV: [libjvm.dylib+0x57a0e7], sa_mask[0]=11111111011111110111111111111111, sa_flags=SA_ONSTACK|SA_RESTART|SA_SIGINFO
SIGBUS: [libjvm.dylib+0x57a0e7], sa_mask[0]=11111111011111110111111111111111, sa_flags=SA_RESTART|SA_SIGINFO
SIGFPE: [libjvm.dylib+0x45af24], sa_mask[0]=11111111011111110111111111111111, sa_flags=SA_RESTART|SA_SIGINFO
SIGPIPE: [libjvm.dylib+0x45af24], sa_mask[0]=11111111011111110111111111111111, sa_flags=SA_RESTART|SA_SIGINFO
SIGXFSZ: [libjvm.dylib+0x45af24], sa_mask[0]=11111111011111110111111111111111, sa_flags=SA_RESTART|SA_SIGINFO
SIGILL: [libjvm.dylib+0x45af24], sa_mask[0]=11111111011111110111111111111111, sa_flags=SA_RESTART|SA_SIGINFO
SIGUSR1: [node+0x54c9f4], sa_mask[0]=11111111011111110111111111111111, sa_flags=none
SIGUSR2: [libjvm.dylib+0x45aa42], sa_mask[0]=00000000000000000000000000000000, sa_flags=SA_RESTART|SA_SIGINFO
SIGHUP: [libjvm.dylib+0x459015], sa_mask[0]=11111111011111110111111111111111, sa_flags=SA_RESTART|SA_SIGINFO
SIGINT: [libjvm.dylib+0x459015], sa_mask[0]=11111111011111110111111111111111, sa_flags=SA_RESTART|SA_SIGINFO
SIGTERM: [libjvm.dylib+0x459015], sa_mask[0]=11111111011111110111111111111111, sa_flags=SA_RESTART|SA_SIGINFO
SIGQUIT: [libjvm.dylib+0x459015], sa_mask[0]=11111111011111110111111111111111, sa_flags=SA_RESTART|SA_SIGINFO


---------------  S Y S T E M  ---------------

OS:Bsduname:Darwin 14.3.0 Darwin Kernel Version 14.3.0: Mon Mar 23 11:59:05 PDT 2015; root:xnu-2782.20.48~5/RELEASE_X86_64 x86_64
rlimit: STACK 8192k, CORE 0k, NPROC 709, NOFILE 10240, AS infinity
load average:5.14 3.03 2.34

CPU:total 4 (2 cores per cpu, 2 threads per core) family 6 model 42 stepping 7, cmov, cx8, fxsr, mmx, sse, sse2, sse3, ssse3, sse4.1, sse4.2, popcnt, avx, aes, clmul, ht, tsc, tscinvbit

Memory: 4k page, physical 4194304k(18280k free)

/proc/meminfo:


vm_info: Java HotSpot(TM) 64-Bit Server VM (25.31-b07) for bsd-amd64 JRE (1.8.0_31-b13), built on Dec 17 2014 20:45:36 by "java_re" with gcc 4.2.1 (Based on Apple Inc. build 5658) (LLVM build 2336.11.00)

time: Sun Aug 23 20:34:26 2015
elapsed time: 127 seconds (0d 0h 2m 7s)

